30-Nov-2016 11:02:08.675 INFO [main] org.apache.catalina.startup.VersionLoggerListener.log Server version:        Apache Tomcat/8.0.37
30-Nov-2016 11:02:08.676 INFO [main] org.apache.catalina.startup.VersionLoggerListener.log Server built:          Sep 1 2016 10:01:52 UTC
30-Nov-2016 11:02:08.676 INFO [main] org.apache.catalina.startup.VersionLoggerListener.log Server number:         8.0.37.0
30-Nov-2016 11:02:08.676 INFO [main] org.apache.catalina.startup.VersionLoggerListener.log OS Name:               Windows 10
30-Nov-2016 11:02:08.677 INFO [main] org.apache.catalina.startup.VersionLoggerListener.log OS Version:            10.0
30-Nov-2016 11:02:08.677 INFO [main] org.apache.catalina.startup.VersionLoggerListener.log Architecture:          amd64
30-Nov-2016 11:02:08.677 INFO [main] org.apache.catalina.startup.VersionLoggerListener.log Java Home:             C:\Program Files\Java\jre1.8.0_112
30-Nov-2016 11:02:08.677 INFO [main] org.apache.catalina.startup.VersionLoggerListener.log JVM Version:           1.8.0_112-b15
30-Nov-2016 11:02:08.677 INFO [main] org.apache.catalina.startup.VersionLoggerListener.log JVM Vendor:            Oracle Corporation
30-Nov-2016 11:02:08.677 INFO [main] org.apache.catalina.startup.VersionLoggerListener.log CATALINA_BASE:         C:\Users\Andoni\Desktop\MU\3_MAILA\1_CUATRI\Ingenieria_Web\apache-tomcat-8.0.37\apache-tomcat-8.0.37
30-Nov-2016 11:02:08.677 INFO [main] org.apache.catalina.startup.VersionLoggerListener.log CATALINA_HOME:         C:\Users\Andoni\Desktop\MU\3_MAILA\1_CUATRI\Ingenieria_Web\apache-tomcat-8.0.37\apache-tomcat-8.0.37
30-Nov-2016 11:02:08.678 INFO [main] org.apache.catalina.startup.VersionLoggerListener.log Command line argument: -Djdk.tls.ephemeralDHKeySize=2048
30-Nov-2016 11:02:08.678 INFO [main] org.apache.catalina.startup.VersionLoggerListener.log Command line argument: -Djava.util.logging.config.file=C:\Users\Andoni\Desktop\MU\3_MAILA\1_CUATRI\Ingenieria_Web\apache-tomcat-8.0.37\apache-tomcat-8.0.37\conf\logging.properties
30-Nov-2016 11:02:08.678 INFO [main] org.apache.catalina.startup.VersionLoggerListener.log Command line argument: -Djava.util.logging.manager=org.apache.juli.ClassLoaderLogManager
30-Nov-2016 11:02:08.678 INFO [main] org.apache.catalina.startup.VersionLoggerListener.log Command line argument: -Djava.endorsed.dirs=C:\Users\Andoni\Desktop\MU\3_MAILA\1_CUATRI\Ingenieria_Web\apache-tomcat-8.0.37\apache-tomcat-8.0.37\endorsed
30-Nov-2016 11:02:08.679 INFO [main] org.apache.catalina.startup.VersionLoggerListener.log Command line argument: -Dcatalina.base=C:\Users\Andoni\Desktop\MU\3_MAILA\1_CUATRI\Ingenieria_Web\apache-tomcat-8.0.37\apache-tomcat-8.0.37
30-Nov-2016 11:02:08.679 INFO [main] org.apache.catalina.startup.VersionLoggerListener.log Command line argument: -Dcatalina.home=C:\Users\Andoni\Desktop\MU\3_MAILA\1_CUATRI\Ingenieria_Web\apache-tomcat-8.0.37\apache-tomcat-8.0.37
30-Nov-2016 11:02:08.680 INFO [main] org.apache.catalina.startup.VersionLoggerListener.log Command line argument: -Djava.io.tmpdir=C:\Users\Andoni\Desktop\MU\3_MAILA\1_CUATRI\Ingenieria_Web\apache-tomcat-8.0.37\apache-tomcat-8.0.37\temp
30-Nov-2016 11:02:08.681 INFO [main] org.apache.catalina.core.AprLifecycleListener.lifecycleEvent La biblioteca nativa de Apache Tomcat basada en ARP que permite un rendimiento óptimo en entornos de desarrollo no ha sido hallada en java.library.path: C:\Program Files\Java\jre1.8.0_112\bin;C:\WINDOWS\Sun\Java\bin;C:\WINDOWS\system32;C:\WINDOWS;C:\ProgramData\Oracle\Java\javapath;C:\Program Files\Dell\DW WLAN Card;C:\Program Files (x86)\Intel\iCLS Client\;C:\Program Files\Intel\iCLS Client\;C:\Windows\system32;C:\Windows;C:\Windows\System32\Wbem;C:\Windows\System32\WindowsPowerShell\v1.0\;C:\Program Files (x86)\Intel\Intel(R) Management Engine Components\DAL;C:\Program Files\Intel\Intel(R) Management Engine Components\DAL;C:\Program Files (x86)\Intel\Intel(R) Management Engine Components\IPT;C:\Program Files\Intel\Intel(R) Management Engine Components\IPT;C:\Program Files\WIDCOMM\Bluetooth Software\;C:\Program Files\WIDCOMM\Bluetooth Software\syswow64;C:\Program Files (x86)\NVIDIA Corporation\PhysX\Common;C:\Program Files (x86)\Skype\Phone\;C:\WINDOWS\system32;C:\WINDOWS;C:\WINDOWS\System32\Wbem;C:\WINDOWS\System32\WindowsPowerShell\v1.0\;C:\Program Files\Git\cmd;C:\Program Files\MySQL\MySQL Utilities 1.6\;C:\Program Files\TortoiseGit\bin;C:\Users\Andoni\AppData\Local\Programs\Python\Python35\Scripts\;C:\Users\Andoni\AppData\Local\Programs\Python\Python35\;C:\Users\Andoni\AppData\Local\Microsoft\WindowsApps;C:\Program Files\apache-ant-1.9.7\bin;.
30-Nov-2016 11:02:08.794 INFO [main] org.apache.coyote.AbstractProtocol.init Initializing ProtocolHandler ["http-nio-8080"]
30-Nov-2016 11:02:08.947 INFO [main] org.apache.tomcat.util.net.NioSelectorPool.getSharedSelector Using a shared selector for servlet write/read
30-Nov-2016 11:02:08.950 INFO [main] org.apache.coyote.AbstractProtocol.init Initializing ProtocolHandler ["ajp-nio-8009"]
30-Nov-2016 11:02:08.952 INFO [main] org.apache.tomcat.util.net.NioSelectorPool.getSharedSelector Using a shared selector for servlet write/read
30-Nov-2016 11:02:08.952 INFO [main] org.apache.catalina.startup.Catalina.load Initialization processed in 562 ms
30-Nov-2016 11:02:08.976 INFO [main] org.apache.catalina.core.StandardService.startInternal Arrancando servicio Catalina
30-Nov-2016 11:02:08.977 INFO [main] org.apache.catalina.core.StandardEngine.startInternal Starting Servlet Engine: Apache Tomcat/8.0.37
30-Nov-2016 11:02:08.986 INFO [localhost-startStop-1] org.apache.catalina.startup.HostConfig.deployDirectory Despliegue del directorio C:\Users\Andoni\Desktop\MU\3_MAILA\1_CUATRI\Ingenieria_Web\apache-tomcat-8.0.37\apache-tomcat-8.0.37\webapps\docs de la aplicación web
30-Nov-2016 11:02:09.235 INFO [localhost-startStop-1] org.apache.catalina.startup.HostConfig.deployDirectory Deployment of web application directory C:\Users\Andoni\Desktop\MU\3_MAILA\1_CUATRI\Ingenieria_Web\apache-tomcat-8.0.37\apache-tomcat-8.0.37\webapps\docs has finished in 248 ms
30-Nov-2016 11:02:09.236 INFO [localhost-startStop-1] org.apache.catalina.startup.HostConfig.deployDirectory Despliegue del directorio C:\Users\Andoni\Desktop\MU\3_MAILA\1_CUATRI\Ingenieria_Web\apache-tomcat-8.0.37\apache-tomcat-8.0.37\webapps\examples de la aplicación web
30-Nov-2016 11:02:10.050 INFO [localhost-startStop-1] org.apache.catalina.startup.HostConfig.deployDirectory Deployment of web application directory C:\Users\Andoni\Desktop\MU\3_MAILA\1_CUATRI\Ingenieria_Web\apache-tomcat-8.0.37\apache-tomcat-8.0.37\webapps\examples has finished in 814 ms
30-Nov-2016 11:02:10.051 INFO [localhost-startStop-1] org.apache.catalina.startup.HostConfig.deployDirectory Despliegue del directorio C:\Users\Andoni\Desktop\MU\3_MAILA\1_CUATRI\Ingenieria_Web\apache-tomcat-8.0.37\apache-tomcat-8.0.37\webapps\host-manager de la aplicación web
30-Nov-2016 11:02:10.090 INFO [localhost-startStop-1] org.apache.catalina.startup.HostConfig.deployDirectory Deployment of web application directory C:\Users\Andoni\Desktop\MU\3_MAILA\1_CUATRI\Ingenieria_Web\apache-tomcat-8.0.37\apache-tomcat-8.0.37\webapps\host-manager has finished in 39 ms
30-Nov-2016 11:02:10.090 INFO [localhost-startStop-1] org.apache.catalina.startup.HostConfig.deployDirectory Despliegue del directorio C:\Users\Andoni\Desktop\MU\3_MAILA\1_CUATRI\Ingenieria_Web\apache-tomcat-8.0.37\apache-tomcat-8.0.37\webapps\manager de la aplicación web
30-Nov-2016 11:02:10.122 INFO [localhost-startStop-1] org.apache.catalina.startup.HostConfig.deployDirectory Deployment of web application directory C:\Users\Andoni\Desktop\MU\3_MAILA\1_CUATRI\Ingenieria_Web\apache-tomcat-8.0.37\apache-tomcat-8.0.37\webapps\manager has finished in 32 ms
30-Nov-2016 11:02:10.123 INFO [localhost-startStop-1] org.apache.catalina.startup.HostConfig.deployDirectory Despliegue del directorio C:\Users\Andoni\Desktop\MU\3_MAILA\1_CUATRI\Ingenieria_Web\apache-tomcat-8.0.37\apache-tomcat-8.0.37\webapps\ROOT de la aplicación web
30-Nov-2016 11:02:10.150 INFO [localhost-startStop-1] org.apache.catalina.startup.HostConfig.deployDirectory Deployment of web application directory C:\Users\Andoni\Desktop\MU\3_MAILA\1_CUATRI\Ingenieria_Web\apache-tomcat-8.0.37\apache-tomcat-8.0.37\webapps\ROOT has finished in 27 ms
30-Nov-2016 11:02:10.152 INFO [main] org.apache.coyote.AbstractProtocol.start Starting ProtocolHandler ["http-nio-8080"]
30-Nov-2016 11:02:10.159 INFO [main] org.apache.coyote.AbstractProtocol.start Starting ProtocolHandler ["ajp-nio-8009"]
30-Nov-2016 11:02:10.161 INFO [main] org.apache.catalina.startup.Catalina.start Server startup in 1208 ms
30-Nov-2016 11:04:11.512 INFO [main] org.apache.catalina.startup.VersionLoggerListener.log Server version:        Apache Tomcat/8.0.37
30-Nov-2016 11:04:11.513 INFO [main] org.apache.catalina.startup.VersionLoggerListener.log Server built:          Sep 1 2016 10:01:52 UTC
30-Nov-2016 11:04:11.514 INFO [main] org.apache.catalina.startup.VersionLoggerListener.log Server number:         8.0.37.0
30-Nov-2016 11:04:11.514 INFO [main] org.apache.catalina.startup.VersionLoggerListener.log OS Name:               Windows 10
30-Nov-2016 11:04:11.514 INFO [main] org.apache.catalina.startup.VersionLoggerListener.log OS Version:            10.0
30-Nov-2016 11:04:11.514 INFO [main] org.apache.catalina.startup.VersionLoggerListener.log Architecture:          amd64
30-Nov-2016 11:04:11.514 INFO [main] org.apache.catalina.startup.VersionLoggerListener.log Java Home:             C:\Program Files\Java\jre1.8.0_112
30-Nov-2016 11:04:11.515 INFO [main] org.apache.catalina.startup.VersionLoggerListener.log JVM Version:           1.8.0_112-b15
30-Nov-2016 11:04:11.515 INFO [main] org.apache.catalina.startup.VersionLoggerListener.log JVM Vendor:            Oracle Corporation
30-Nov-2016 11:04:11.515 INFO [main] org.apache.catalina.startup.VersionLoggerListener.log CATALINA_BASE:         C:\Users\Andoni\Desktop\MU\3_MAILA\1_CUATRI\Ingenieria_Web\apache-tomcat-8.0.37\apache-tomcat-8.0.37
30-Nov-2016 11:04:11.515 INFO [main] org.apache.catalina.startup.VersionLoggerListener.log CATALINA_HOME:         C:\Users\Andoni\Desktop\MU\3_MAILA\1_CUATRI\Ingenieria_Web\apache-tomcat-8.0.37\apache-tomcat-8.0.37
30-Nov-2016 11:04:11.515 INFO [main] org.apache.catalina.startup.VersionLoggerListener.log Command line argument: -Djdk.tls.ephemeralDHKeySize=2048
30-Nov-2016 11:04:11.516 INFO [main] org.apache.catalina.startup.VersionLoggerListener.log Command line argument: -Djava.util.logging.config.file=C:\Users\Andoni\Desktop\MU\3_MAILA\1_CUATRI\Ingenieria_Web\apache-tomcat-8.0.37\apache-tomcat-8.0.37\conf\logging.properties
30-Nov-2016 11:04:11.516 INFO [main] org.apache.catalina.startup.VersionLoggerListener.log Command line argument: -Djava.util.logging.manager=org.apache.juli.ClassLoaderLogManager
30-Nov-2016 11:04:11.516 INFO [main] org.apache.catalina.startup.VersionLoggerListener.log Command line argument: -Djava.endorsed.dirs=C:\Users\Andoni\Desktop\MU\3_MAILA\1_CUATRI\Ingenieria_Web\apache-tomcat-8.0.37\apache-tomcat-8.0.37\endorsed
30-Nov-2016 11:04:11.516 INFO [main] org.apache.catalina.startup.VersionLoggerListener.log Command line argument: -Dcatalina.base=C:\Users\Andoni\Desktop\MU\3_MAILA\1_CUATRI\Ingenieria_Web\apache-tomcat-8.0.37\apache-tomcat-8.0.37
30-Nov-2016 11:04:11.517 INFO [main] org.apache.catalina.startup.VersionLoggerListener.log Command line argument: -Dcatalina.home=C:\Users\Andoni\Desktop\MU\3_MAILA\1_CUATRI\Ingenieria_Web\apache-tomcat-8.0.37\apache-tomcat-8.0.37
30-Nov-2016 11:04:11.517 INFO [main] org.apache.catalina.startup.VersionLoggerListener.log Command line argument: -Djava.io.tmpdir=C:\Users\Andoni\Desktop\MU\3_MAILA\1_CUATRI\Ingenieria_Web\apache-tomcat-8.0.37\apache-tomcat-8.0.37\temp
30-Nov-2016 11:04:11.518 INFO [main] org.apache.catalina.core.AprLifecycleListener.lifecycleEvent La biblioteca nativa de Apache Tomcat basada en ARP que permite un rendimiento óptimo en entornos de desarrollo no ha sido hallada en java.library.path: C:\Program Files\Java\jre1.8.0_112\bin;C:\WINDOWS\Sun\Java\bin;C:\WINDOWS\system32;C:\WINDOWS;C:\ProgramData\Oracle\Java\javapath;C:\Program Files\Dell\DW WLAN Card;C:\Program Files (x86)\Intel\iCLS Client\;C:\Program Files\Intel\iCLS Client\;C:\Windows\system32;C:\Windows;C:\Windows\System32\Wbem;C:\Windows\System32\WindowsPowerShell\v1.0\;C:\Program Files (x86)\Intel\Intel(R) Management Engine Components\DAL;C:\Program Files\Intel\Intel(R) Management Engine Components\DAL;C:\Program Files (x86)\Intel\Intel(R) Management Engine Components\IPT;C:\Program Files\Intel\Intel(R) Management Engine Components\IPT;C:\Program Files\WIDCOMM\Bluetooth Software\;C:\Program Files\WIDCOMM\Bluetooth Software\syswow64;C:\Program Files (x86)\NVIDIA Corporation\PhysX\Common;C:\Program Files (x86)\Skype\Phone\;C:\WINDOWS\system32;C:\WINDOWS;C:\WINDOWS\System32\Wbem;C:\WINDOWS\System32\WindowsPowerShell\v1.0\;C:\Program Files\Git\cmd;C:\Program Files\MySQL\MySQL Utilities 1.6\;C:\Program Files\TortoiseGit\bin;C:\Users\Andoni\AppData\Local\Programs\Python\Python35\Scripts\;C:\Users\Andoni\AppData\Local\Programs\Python\Python35\;C:\Users\Andoni\AppData\Local\Microsoft\WindowsApps;C:\Program Files\apache-ant-1.9.7\bin;.
30-Nov-2016 11:04:11.618 INFO [main] org.apache.coyote.AbstractProtocol.init Initializing ProtocolHandler ["http-nio-8080"]
30-Nov-2016 11:04:11.757 INFO [main] org.apache.tomcat.util.net.NioSelectorPool.getSharedSelector Using a shared selector for servlet write/read
30-Nov-2016 11:04:11.759 INFO [main] org.apache.coyote.AbstractProtocol.init Initializing ProtocolHandler ["ajp-nio-8009"]
30-Nov-2016 11:04:11.761 INFO [main] org.apache.tomcat.util.net.NioSelectorPool.getSharedSelector Using a shared selector for servlet write/read
30-Nov-2016 11:04:11.762 INFO [main] org.apache.catalina.startup.Catalina.load Initialization processed in 539 ms
30-Nov-2016 11:04:11.782 INFO [main] org.apache.catalina.core.StandardService.startInternal Arrancando servicio Catalina
30-Nov-2016 11:04:11.782 INFO [main] org.apache.catalina.core.StandardEngine.startInternal Starting Servlet Engine: Apache Tomcat/8.0.37
30-Nov-2016 11:04:11.790 INFO [localhost-startStop-1] org.apache.catalina.startup.HostConfig.deployDirectory Despliegue del directorio C:\Users\Andoni\Desktop\MU\3_MAILA\1_CUATRI\Ingenieria_Web\apache-tomcat-8.0.37\apache-tomcat-8.0.37\webapps\docs de la aplicación web
30-Nov-2016 11:04:12.008 INFO [localhost-startStop-1] org.apache.catalina.startup.HostConfig.deployDirectory Deployment of web application directory C:\Users\Andoni\Desktop\MU\3_MAILA\1_CUATRI\Ingenieria_Web\apache-tomcat-8.0.37\apache-tomcat-8.0.37\webapps\docs has finished in 217 ms
30-Nov-2016 11:04:12.009 INFO [localhost-startStop-1] org.apache.catalina.startup.HostConfig.deployDirectory Despliegue del directorio C:\Users\Andoni\Desktop\MU\3_MAILA\1_CUATRI\Ingenieria_Web\apache-tomcat-8.0.37\apache-tomcat-8.0.37\webapps\examples de la aplicación web
30-Nov-2016 11:04:12.285 INFO [localhost-startStop-1] org.apache.catalina.startup.HostConfig.deployDirectory Deployment of web application directory C:\Users\Andoni\Desktop\MU\3_MAILA\1_CUATRI\Ingenieria_Web\apache-tomcat-8.0.37\apache-tomcat-8.0.37\webapps\examples has finished in 276 ms
30-Nov-2016 11:04:12.285 INFO [localhost-startStop-1] org.apache.catalina.startup.HostConfig.deployDirectory Despliegue del directorio C:\Users\Andoni\Desktop\MU\3_MAILA\1_CUATRI\Ingenieria_Web\apache-tomcat-8.0.37\apache-tomcat-8.0.37\webapps\host-manager de la aplicación web
30-Nov-2016 11:04:12.314 INFO [localhost-startStop-1] org.apache.catalina.startup.HostConfig.deployDirectory Deployment of web application directory C:\Users\Andoni\Desktop\MU\3_MAILA\1_CUATRI\Ingenieria_Web\apache-tomcat-8.0.37\apache-tomcat-8.0.37\webapps\host-manager has finished in 29 ms
30-Nov-2016 11:04:12.315 INFO [localhost-startStop-1] org.apache.catalina.startup.HostConfig.deployDirectory Despliegue del directorio C:\Users\Andoni\Desktop\MU\3_MAILA\1_CUATRI\Ingenieria_Web\apache-tomcat-8.0.37\apache-tomcat-8.0.37\webapps\manager de la aplicación web
30-Nov-2016 11:04:12.341 INFO [localhost-startStop-1] org.apache.catalina.startup.HostConfig.deployDirectory Deployment of web application directory C:\Users\Andoni\Desktop\MU\3_MAILA\1_CUATRI\Ingenieria_Web\apache-tomcat-8.0.37\apache-tomcat-8.0.37\webapps\manager has finished in 26 ms
30-Nov-2016 11:04:12.341 INFO [localhost-startStop-1] org.apache.catalina.startup.HostConfig.deployDirectory Despliegue del directorio C:\Users\Andoni\Desktop\MU\3_MAILA\1_CUATRI\Ingenieria_Web\apache-tomcat-8.0.37\apache-tomcat-8.0.37\webapps\ROOT de la aplicación web
30-Nov-2016 11:04:12.359 INFO [localhost-startStop-1] org.apache.catalina.startup.HostConfig.deployDirectory Deployment of web application directory C:\Users\Andoni\Desktop\MU\3_MAILA\1_CUATRI\Ingenieria_Web\apache-tomcat-8.0.37\apache-tomcat-8.0.37\webapps\ROOT has finished in 18 ms
30-Nov-2016 11:04:12.362 INFO [main] org.apache.coyote.AbstractProtocol.start Starting ProtocolHandler ["http-nio-8080"]
30-Nov-2016 11:04:12.368 INFO [main] org.apache.coyote.AbstractProtocol.start Starting ProtocolHandler ["ajp-nio-8009"]
30-Nov-2016 11:04:12.370 INFO [main] org.apache.catalina.startup.Catalina.start Server startup in 608 ms
30-Nov-2016 11:04:46.247 INFO [main] org.apache.catalina.startup.VersionLoggerListener.log Server version:        Apache Tomcat/8.0.37
30-Nov-2016 11:04:46.248 INFO [main] org.apache.catalina.startup.VersionLoggerListener.log Server built:          Sep 1 2016 10:01:52 UTC
30-Nov-2016 11:04:46.248 INFO [main] org.apache.catalina.startup.VersionLoggerListener.log Server number:         8.0.37.0
30-Nov-2016 11:04:46.248 INFO [main] org.apache.catalina.startup.VersionLoggerListener.log OS Name:               Windows 10
30-Nov-2016 11:04:46.249 INFO [main] org.apache.catalina.startup.VersionLoggerListener.log OS Version:            10.0
30-Nov-2016 11:04:46.249 INFO [main] org.apache.catalina.startup.VersionLoggerListener.log Architecture:          amd64
30-Nov-2016 11:04:46.249 INFO [main] org.apache.catalina.startup.VersionLoggerListener.log Java Home:             C:\Program Files\Java\jre1.8.0_112
30-Nov-2016 11:04:46.249 INFO [main] org.apache.catalina.startup.VersionLoggerListener.log JVM Version:           1.8.0_112-b15
30-Nov-2016 11:04:46.249 INFO [main] org.apache.catalina.startup.VersionLoggerListener.log JVM Vendor:            Oracle Corporation
30-Nov-2016 11:04:46.249 INFO [main] org.apache.catalina.startup.VersionLoggerListener.log CATALINA_BASE:         C:\Users\Andoni\Desktop\MU\3_MAILA\1_CUATRI\Ingenieria_Web\apache-tomcat-8.0.37\apache-tomcat-8.0.37
30-Nov-2016 11:04:46.249 INFO [main] org.apache.catalina.startup.VersionLoggerListener.log CATALINA_HOME:         C:\Users\Andoni\Desktop\MU\3_MAILA\1_CUATRI\Ingenieria_Web\apache-tomcat-8.0.37\apache-tomcat-8.0.37
30-Nov-2016 11:04:46.249 INFO [main] org.apache.catalina.startup.VersionLoggerListener.log Command line argument: -Djdk.tls.ephemeralDHKeySize=2048
30-Nov-2016 11:04:46.250 INFO [main] org.apache.catalina.startup.VersionLoggerListener.log Command line argument: -Djava.util.logging.config.file=C:\Users\Andoni\Desktop\MU\3_MAILA\1_CUATRI\Ingenieria_Web\apache-tomcat-8.0.37\apache-tomcat-8.0.37\conf\logging.properties
30-Nov-2016 11:04:46.250 INFO [main] org.apache.catalina.startup.VersionLoggerListener.log Command line argument: -Djava.util.logging.manager=org.apache.juli.ClassLoaderLogManager
30-Nov-2016 11:04:46.250 INFO [main] org.apache.catalina.startup.VersionLoggerListener.log Command line argument: -Djava.endorsed.dirs=C:\Users\Andoni\Desktop\MU\3_MAILA\1_CUATRI\Ingenieria_Web\apache-tomcat-8.0.37\apache-tomcat-8.0.37\endorsed
30-Nov-2016 11:04:46.250 INFO [main] org.apache.catalina.startup.VersionLoggerListener.log Command line argument: -Dcatalina.base=C:\Users\Andoni\Desktop\MU\3_MAILA\1_CUATRI\Ingenieria_Web\apache-tomcat-8.0.37\apache-tomcat-8.0.37
30-Nov-2016 11:04:46.251 INFO [main] org.apache.catalina.startup.VersionLoggerListener.log Command line argument: -Dcatalina.home=C:\Users\Andoni\Desktop\MU\3_MAILA\1_CUATRI\Ingenieria_Web\apache-tomcat-8.0.37\apache-tomcat-8.0.37
30-Nov-2016 11:04:46.251 INFO [main] org.apache.catalina.startup.VersionLoggerListener.log Command line argument: -Djava.io.tmpdir=C:\Users\Andoni\Desktop\MU\3_MAILA\1_CUATRI\Ingenieria_Web\apache-tomcat-8.0.37\apache-tomcat-8.0.37\temp
30-Nov-2016 11:04:46.252 INFO [main] org.apache.catalina.core.AprLifecycleListener.lifecycleEvent La biblioteca nativa de Apache Tomcat basada en ARP que permite un rendimiento óptimo en entornos de desarrollo no ha sido hallada en java.library.path: C:\Program Files\Java\jre1.8.0_112\bin;C:\WINDOWS\Sun\Java\bin;C:\WINDOWS\system32;C:\WINDOWS;C:\ProgramData\Oracle\Java\javapath;C:\Program Files\Dell\DW WLAN Card;C:\Program Files (x86)\Intel\iCLS Client\;C:\Program Files\Intel\iCLS Client\;C:\Windows\system32;C:\Windows;C:\Windows\System32\Wbem;C:\Windows\System32\WindowsPowerShell\v1.0\;C:\Program Files (x86)\Intel\Intel(R) Management Engine Components\DAL;C:\Program Files\Intel\Intel(R) Management Engine Components\DAL;C:\Program Files (x86)\Intel\Intel(R) Management Engine Components\IPT;C:\Program Files\Intel\Intel(R) Management Engine Components\IPT;C:\Program Files\WIDCOMM\Bluetooth Software\;C:\Program Files\WIDCOMM\Bluetooth Software\syswow64;C:\Program Files (x86)\NVIDIA Corporation\PhysX\Common;C:\Program Files (x86)\Skype\Phone\;C:\WINDOWS\system32;C:\WINDOWS;C:\WINDOWS\System32\Wbem;C:\WINDOWS\System32\WindowsPowerShell\v1.0\;C:\Program Files\Git\cmd;C:\Program Files\MySQL\MySQL Utilities 1.6\;C:\Program Files\TortoiseGit\bin;C:\Users\Andoni\AppData\Local\Programs\Python\Python35\Scripts\;C:\Users\Andoni\AppData\Local\Programs\Python\Python35\;C:\Users\Andoni\AppData\Local\Microsoft\WindowsApps;C:\Program Files\apache-ant-1.9.7\bin;.
30-Nov-2016 11:04:46.351 INFO [main] org.apache.coyote.AbstractProtocol.init Initializing ProtocolHandler ["http-nio-8080"]
30-Nov-2016 11:04:46.502 INFO [main] org.apache.tomcat.util.net.NioSelectorPool.getSharedSelector Using a shared selector for servlet write/read
30-Nov-2016 11:04:46.504 INFO [main] org.apache.coyote.AbstractProtocol.init Initializing ProtocolHandler ["ajp-nio-8009"]
30-Nov-2016 11:04:46.507 INFO [main] org.apache.tomcat.util.net.NioSelectorPool.getSharedSelector Using a shared selector for servlet write/read
30-Nov-2016 11:04:46.507 INFO [main] org.apache.catalina.startup.Catalina.load Initialization processed in 532 ms
30-Nov-2016 11:04:46.526 INFO [main] org.apache.catalina.core.StandardService.startInternal Arrancando servicio Catalina
30-Nov-2016 11:04:46.527 INFO [main] org.apache.catalina.core.StandardEngine.startInternal Starting Servlet Engine: Apache Tomcat/8.0.37
30-Nov-2016 11:04:46.548 INFO [localhost-startStop-1] org.apache.catalina.startup.HostConfig.deployWAR Despliegue del archivo C:\Users\Andoni\Desktop\MU\3_MAILA\1_CUATRI\Ingenieria_Web\apache-tomcat-8.0.37\apache-tomcat-8.0.37\webapps\mvnAMS.war de la aplicación web
30-Nov-2016 11:04:48.461 INFO [localhost-startStop-1] org.apache.jasper.servlet.TldScanner.scanJars Al menos un JAR, que se ha explorado buscando TLDs, aún no contenía TLDs. Activar historial de depuración para este historiador para una completa lista de los JARs que fueron explorados y de los que nos se halló TLDs. Saltarse JARs no necesarios durante la exploración puede dar lugar a una mejora de tiempo significativa en el arranque y compilación de JSP .
30-Nov-2016 11:04:48.970 INFO [localhost-startStop-1] org.apache.catalina.startup.HostConfig.deployWAR Deployment of web application archive C:\Users\Andoni\Desktop\MU\3_MAILA\1_CUATRI\Ingenieria_Web\apache-tomcat-8.0.37\apache-tomcat-8.0.37\webapps\mvnAMS.war has finished in 2.421 ms
30-Nov-2016 11:04:48.971 INFO [localhost-startStop-1] org.apache.catalina.startup.HostConfig.deployDirectory Despliegue del directorio C:\Users\Andoni\Desktop\MU\3_MAILA\1_CUATRI\Ingenieria_Web\apache-tomcat-8.0.37\apache-tomcat-8.0.37\webapps\docs de la aplicación web
30-Nov-2016 11:04:48.986 INFO [localhost-startStop-1] org.apache.catalina.startup.HostConfig.deployDirectory Deployment of web application directory C:\Users\Andoni\Desktop\MU\3_MAILA\1_CUATRI\Ingenieria_Web\apache-tomcat-8.0.37\apache-tomcat-8.0.37\webapps\docs has finished in 15 ms
30-Nov-2016 11:04:48.986 INFO [localhost-startStop-1] org.apache.catalina.startup.HostConfig.deployDirectory Despliegue del directorio C:\Users\Andoni\Desktop\MU\3_MAILA\1_CUATRI\Ingenieria_Web\apache-tomcat-8.0.37\apache-tomcat-8.0.37\webapps\examples de la aplicación web
30-Nov-2016 11:04:49.159 INFO [localhost-startStop-1] org.apache.catalina.startup.HostConfig.deployDirectory Deployment of web application directory C:\Users\Andoni\Desktop\MU\3_MAILA\1_CUATRI\Ingenieria_Web\apache-tomcat-8.0.37\apache-tomcat-8.0.37\webapps\examples has finished in 173 ms
30-Nov-2016 11:04:49.160 INFO [localhost-startStop-1] org.apache.catalina.startup.HostConfig.deployDirectory Despliegue del directorio C:\Users\Andoni\Desktop\MU\3_MAILA\1_CUATRI\Ingenieria_Web\apache-tomcat-8.0.37\apache-tomcat-8.0.37\webapps\host-manager de la aplicación web
30-Nov-2016 11:04:49.192 INFO [localhost-startStop-1] org.apache.catalina.startup.HostConfig.deployDirectory Deployment of web application directory C:\Users\Andoni\Desktop\MU\3_MAILA\1_CUATRI\Ingenieria_Web\apache-tomcat-8.0.37\apache-tomcat-8.0.37\webapps\host-manager has finished in 32 ms
30-Nov-2016 11:04:49.193 INFO [localhost-startStop-1] org.apache.catalina.startup.HostConfig.deployDirectory Despliegue del directorio C:\Users\Andoni\Desktop\MU\3_MAILA\1_CUATRI\Ingenieria_Web\apache-tomcat-8.0.37\apache-tomcat-8.0.37\webapps\manager de la aplicación web
30-Nov-2016 11:04:49.212 INFO [localhost-startStop-1] org.apache.catalina.startup.HostConfig.deployDirectory Deployment of web application directory C:\Users\Andoni\Desktop\MU\3_MAILA\1_CUATRI\Ingenieria_Web\apache-tomcat-8.0.37\apache-tomcat-8.0.37\webapps\manager has finished in 19 ms
30-Nov-2016 11:04:49.212 INFO [localhost-startStop-1] org.apache.catalina.startup.HostConfig.deployDirectory Despliegue del directorio C:\Users\Andoni\Desktop\MU\3_MAILA\1_CUATRI\Ingenieria_Web\apache-tomcat-8.0.37\apache-tomcat-8.0.37\webapps\ROOT de la aplicación web
30-Nov-2016 11:04:49.227 INFO [localhost-startStop-1] org.apache.catalina.startup.HostConfig.deployDirectory Deployment of web application directory C:\Users\Andoni\Desktop\MU\3_MAILA\1_CUATRI\Ingenieria_Web\apache-tomcat-8.0.37\apache-tomcat-8.0.37\webapps\ROOT has finished in 15 ms
30-Nov-2016 11:04:49.229 INFO [main] org.apache.coyote.AbstractProtocol.start Starting ProtocolHandler ["http-nio-8080"]
30-Nov-2016 11:04:49.236 INFO [main] org.apache.coyote.AbstractProtocol.start Starting ProtocolHandler ["ajp-nio-8009"]
30-Nov-2016 11:04:49.238 INFO [main] org.apache.catalina.startup.Catalina.start Server startup in 2731 ms
30-Nov-2016 11:45:00.304 INFO [main] org.apache.catalina.startup.VersionLoggerListener.log Server version:        Apache Tomcat/8.0.37
30-Nov-2016 11:45:00.305 INFO [main] org.apache.catalina.startup.VersionLoggerListener.log Server built:          Sep 1 2016 10:01:52 UTC
30-Nov-2016 11:45:00.305 INFO [main] org.apache.catalina.startup.VersionLoggerListener.log Server number:         8.0.37.0
30-Nov-2016 11:45:00.305 INFO [main] org.apache.catalina.startup.VersionLoggerListener.log OS Name:               Windows 10
30-Nov-2016 11:45:00.305 INFO [main] org.apache.catalina.startup.VersionLoggerListener.log OS Version:            10.0
30-Nov-2016 11:45:00.306 INFO [main] org.apache.catalina.startup.VersionLoggerListener.log Architecture:          amd64
30-Nov-2016 11:45:00.306 INFO [main] org.apache.catalina.startup.VersionLoggerListener.log Java Home:             C:\Program Files\Java\jre1.8.0_112
30-Nov-2016 11:45:00.306 INFO [main] org.apache.catalina.startup.VersionLoggerListener.log JVM Version:           1.8.0_112-b15
30-Nov-2016 11:45:00.306 INFO [main] org.apache.catalina.startup.VersionLoggerListener.log JVM Vendor:            Oracle Corporation
30-Nov-2016 11:45:00.306 INFO [main] org.apache.catalina.startup.VersionLoggerListener.log CATALINA_BASE:         C:\Users\Andoni\Desktop\MU\3_MAILA\1_CUATRI\Ingenieria_Web\apache-tomcat-8.0.37\apache-tomcat-8.0.37
30-Nov-2016 11:45:00.306 INFO [main] org.apache.catalina.startup.VersionLoggerListener.log CATALINA_HOME:         C:\Users\Andoni\Desktop\MU\3_MAILA\1_CUATRI\Ingenieria_Web\apache-tomcat-8.0.37\apache-tomcat-8.0.37
30-Nov-2016 11:45:00.306 INFO [main] org.apache.catalina.startup.VersionLoggerListener.log Command line argument: -Djdk.tls.ephemeralDHKeySize=2048
30-Nov-2016 11:45:00.307 INFO [main] org.apache.catalina.startup.VersionLoggerListener.log Command line argument: -Djava.util.logging.config.file=C:\Users\Andoni\Desktop\MU\3_MAILA\1_CUATRI\Ingenieria_Web\apache-tomcat-8.0.37\apache-tomcat-8.0.37\conf\logging.properties
30-Nov-2016 11:45:00.307 INFO [main] org.apache.catalina.startup.VersionLoggerListener.log Command line argument: -Djava.util.logging.manager=org.apache.juli.ClassLoaderLogManager
30-Nov-2016 11:45:00.307 INFO [main] org.apache.catalina.startup.VersionLoggerListener.log Command line argument: -Djava.endorsed.dirs=C:\Users\Andoni\Desktop\MU\3_MAILA\1_CUATRI\Ingenieria_Web\apache-tomcat-8.0.37\apache-tomcat-8.0.37\endorsed
30-Nov-2016 11:45:00.307 INFO [main] org.apache.catalina.startup.VersionLoggerListener.log Command line argument: -Dcatalina.base=C:\Users\Andoni\Desktop\MU\3_MAILA\1_CUATRI\Ingenieria_Web\apache-tomcat-8.0.37\apache-tomcat-8.0.37
30-Nov-2016 11:45:00.308 INFO [main] org.apache.catalina.startup.VersionLoggerListener.log Command line argument: -Dcatalina.home=C:\Users\Andoni\Desktop\MU\3_MAILA\1_CUATRI\Ingenieria_Web\apache-tomcat-8.0.37\apache-tomcat-8.0.37
30-Nov-2016 11:45:00.309 INFO [main] org.apache.catalina.startup.VersionLoggerListener.log Command line argument: -Djava.io.tmpdir=C:\Users\Andoni\Desktop\MU\3_MAILA\1_CUATRI\Ingenieria_Web\apache-tomcat-8.0.37\apache-tomcat-8.0.37\temp
30-Nov-2016 11:45:00.309 INFO [main] org.apache.catalina.core.AprLifecycleListener.lifecycleEvent La biblioteca nativa de Apache Tomcat basada en ARP que permite un rendimiento óptimo en entornos de desarrollo no ha sido hallada en java.library.path: C:\Program Files\Java\jre1.8.0_112\bin;C:\WINDOWS\Sun\Java\bin;C:\WINDOWS\system32;C:\WINDOWS;C:\ProgramData\Oracle\Java\javapath;C:\Program Files\Dell\DW WLAN Card;C:\Program Files (x86)\Intel\iCLS Client\;C:\Program Files\Intel\iCLS Client\;C:\Windows\system32;C:\Windows;C:\Windows\System32\Wbem;C:\Windows\System32\WindowsPowerShell\v1.0\;C:\Program Files (x86)\Intel\Intel(R) Management Engine Components\DAL;C:\Program Files\Intel\Intel(R) Management Engine Components\DAL;C:\Program Files (x86)\Intel\Intel(R) Management Engine Components\IPT;C:\Program Files\Intel\Intel(R) Management Engine Components\IPT;C:\Program Files\WIDCOMM\Bluetooth Software\;C:\Program Files\WIDCOMM\Bluetooth Software\syswow64;C:\Program Files (x86)\NVIDIA Corporation\PhysX\Common;C:\Program Files (x86)\Skype\Phone\;C:\WINDOWS\system32;C:\WINDOWS;C:\WINDOWS\System32\Wbem;C:\WINDOWS\System32\WindowsPowerShell\v1.0\;C:\Program Files\Git\cmd;C:\Program Files\MySQL\MySQL Utilities 1.6\;C:\Program Files\TortoiseGit\bin;C:\Users\Andoni\AppData\Local\Programs\Python\Python35\Scripts\;C:\Users\Andoni\AppData\Local\Programs\Python\Python35\;C:\Users\Andoni\AppData\Local\Microsoft\WindowsApps;C:\Program Files\apache-ant-1.9.7\bin;.
30-Nov-2016 11:45:00.435 INFO [main] org.apache.coyote.AbstractProtocol.init Initializing ProtocolHandler ["http-nio-8080"]
30-Nov-2016 11:45:00.596 INFO [main] org.apache.tomcat.util.net.NioSelectorPool.getSharedSelector Using a shared selector for servlet write/read
30-Nov-2016 11:45:00.598 INFO [main] org.apache.coyote.AbstractProtocol.init Initializing ProtocolHandler ["ajp-nio-8009"]
30-Nov-2016 11:45:00.601 INFO [main] org.apache.tomcat.util.net.NioSelectorPool.getSharedSelector Using a shared selector for servlet write/read
30-Nov-2016 11:45:00.601 INFO [main] org.apache.catalina.startup.Catalina.load Initialization processed in 624 ms
30-Nov-2016 11:45:00.621 INFO [main] org.apache.catalina.core.StandardService.startInternal Arrancando servicio Catalina
30-Nov-2016 11:45:00.621 INFO [main] org.apache.catalina.core.StandardEngine.startInternal Starting Servlet Engine: Apache Tomcat/8.0.37
30-Nov-2016 11:45:00.645 INFO [localhost-startStop-1] org.apache.catalina.startup.HostConfig.deployWAR Despliegue del archivo C:\Users\Andoni\Desktop\MU\3_MAILA\1_CUATRI\Ingenieria_Web\apache-tomcat-8.0.37\apache-tomcat-8.0.37\webapps\mvnAMS.war de la aplicación web
30-Nov-2016 11:45:00.683 INFO [localhost-startStop-1] org.apache.catalina.startup.ExpandWar.expand An expanded directory [C:\Users\Andoni\Desktop\MU\3_MAILA\1_CUATRI\Ingenieria_Web\apache-tomcat-8.0.37\apache-tomcat-8.0.37\webapps\mvnAMS] was found with a last modified time that did not match the associated WAR. It will be deleted.
30-Nov-2016 11:45:02.876 INFO [localhost-startStop-1] org.apache.jasper.servlet.TldScanner.scanJars Al menos un JAR, que se ha explorado buscando TLDs, aún no contenía TLDs. Activar historial de depuración para este historiador para una completa lista de los JARs que fueron explorados y de los que nos se halló TLDs. Saltarse JARs no necesarios durante la exploración puede dar lugar a una mejora de tiempo significativa en el arranque y compilación de JSP .
30-Nov-2016 11:45:03.385 INFO [localhost-startStop-1] org.apache.catalina.startup.HostConfig.deployWAR Deployment of web application archive C:\Users\Andoni\Desktop\MU\3_MAILA\1_CUATRI\Ingenieria_Web\apache-tomcat-8.0.37\apache-tomcat-8.0.37\webapps\mvnAMS.war has finished in 2.739 ms
30-Nov-2016 11:45:03.386 INFO [localhost-startStop-1] org.apache.catalina.startup.HostConfig.deployDirectory Despliegue del directorio C:\Users\Andoni\Desktop\MU\3_MAILA\1_CUATRI\Ingenieria_Web\apache-tomcat-8.0.37\apache-tomcat-8.0.37\webapps\docs de la aplicación web
30-Nov-2016 11:45:03.403 INFO [localhost-startStop-1] org.apache.catalina.startup.HostConfig.deployDirectory Deployment of web application directory C:\Users\Andoni\Desktop\MU\3_MAILA\1_CUATRI\Ingenieria_Web\apache-tomcat-8.0.37\apache-tomcat-8.0.37\webapps\docs has finished in 17 ms
30-Nov-2016 11:45:03.404 INFO [localhost-startStop-1] org.apache.catalina.startup.HostConfig.deployDirectory Despliegue del directorio C:\Users\Andoni\Desktop\MU\3_MAILA\1_CUATRI\Ingenieria_Web\apache-tomcat-8.0.37\apache-tomcat-8.0.37\webapps\examples de la aplicación web
30-Nov-2016 11:45:03.588 INFO [localhost-startStop-1] org.apache.catalina.startup.HostConfig.deployDirectory Deployment of web application directory C:\Users\Andoni\Desktop\MU\3_MAILA\1_CUATRI\Ingenieria_Web\apache-tomcat-8.0.37\apache-tomcat-8.0.37\webapps\examples has finished in 184 ms
30-Nov-2016 11:45:03.588 INFO [localhost-startStop-1] org.apache.catalina.startup.HostConfig.deployDirectory Despliegue del directorio C:\Users\Andoni\Desktop\MU\3_MAILA\1_CUATRI\Ingenieria_Web\apache-tomcat-8.0.37\apache-tomcat-8.0.37\webapps\host-manager de la aplicación web
30-Nov-2016 11:45:03.621 INFO [localhost-startStop-1] org.apache.catalina.startup.HostConfig.deployDirectory Deployment of web application directory C:\Users\Andoni\Desktop\MU\3_MAILA\1_CUATRI\Ingenieria_Web\apache-tomcat-8.0.37\apache-tomcat-8.0.37\webapps\host-manager has finished in 33 ms
30-Nov-2016 11:45:03.621 INFO [localhost-startStop-1] org.apache.catalina.startup.HostConfig.deployDirectory Despliegue del directorio C:\Users\Andoni\Desktop\MU\3_MAILA\1_CUATRI\Ingenieria_Web\apache-tomcat-8.0.37\apache-tomcat-8.0.37\webapps\manager de la aplicación web
30-Nov-2016 11:45:03.642 INFO [localhost-startStop-1] org.apache.catalina.startup.HostConfig.deployDirectory Deployment of web application directory C:\Users\Andoni\Desktop\MU\3_MAILA\1_CUATRI\Ingenieria_Web\apache-tomcat-8.0.37\apache-tomcat-8.0.37\webapps\manager has finished in 21 ms
30-Nov-2016 11:45:03.642 INFO [localhost-startStop-1] org.apache.catalina.startup.HostConfig.deployDirectory Despliegue del directorio C:\Users\Andoni\Desktop\MU\3_MAILA\1_CUATRI\Ingenieria_Web\apache-tomcat-8.0.37\apache-tomcat-8.0.37\webapps\ROOT de la aplicación web
30-Nov-2016 11:45:03.658 INFO [localhost-startStop-1] org.apache.catalina.startup.HostConfig.deployDirectory Deployment of web application directory C:\Users\Andoni\Desktop\MU\3_MAILA\1_CUATRI\Ingenieria_Web\apache-tomcat-8.0.37\apache-tomcat-8.0.37\webapps\ROOT has finished in 15 ms
30-Nov-2016 11:45:03.660 INFO [main] org.apache.coyote.AbstractProtocol.start Starting ProtocolHandler ["http-nio-8080"]
30-Nov-2016 11:45:03.666 INFO [main] org.apache.coyote.AbstractProtocol.start Starting ProtocolHandler ["ajp-nio-8009"]
30-Nov-2016 11:45:03.667 INFO [main] org.apache.catalina.startup.Catalina.start Server startup in 3065 ms
