01-Dec-2016 09:35:46.746 INFO [main] org.apache.catalina.startup.VersionLoggerListener.log Server version:        Apache Tomcat/8.0.37
01-Dec-2016 09:35:46.747 INFO [main] org.apache.catalina.startup.VersionLoggerListener.log Server built:          Sep 1 2016 10:01:52 UTC
01-Dec-2016 09:35:46.747 INFO [main] org.apache.catalina.startup.VersionLoggerListener.log Server number:         8.0.37.0
01-Dec-2016 09:35:46.747 INFO [main] org.apache.catalina.startup.VersionLoggerListener.log OS Name:               Windows 10
01-Dec-2016 09:35:46.747 INFO [main] org.apache.catalina.startup.VersionLoggerListener.log OS Version:            10.0
01-Dec-2016 09:35:46.747 INFO [main] org.apache.catalina.startup.VersionLoggerListener.log Architecture:          amd64
01-Dec-2016 09:35:46.747 INFO [main] org.apache.catalina.startup.VersionLoggerListener.log Java Home:             C:\Program Files\Java\jre1.8.0_112
01-Dec-2016 09:35:46.748 INFO [main] org.apache.catalina.startup.VersionLoggerListener.log JVM Version:           1.8.0_112-b15
01-Dec-2016 09:35:46.748 INFO [main] org.apache.catalina.startup.VersionLoggerListener.log JVM Vendor:            Oracle Corporation
01-Dec-2016 09:35:46.748 INFO [main] org.apache.catalina.startup.VersionLoggerListener.log CATALINA_BASE:         C:\Users\Andoni\Desktop\MU\3_MAILA\1_CUATRI\Ingenieria_Web\apache-tomcat-8.0.37\apache-tomcat-8.0.37
01-Dec-2016 09:35:46.748 INFO [main] org.apache.catalina.startup.VersionLoggerListener.log CATALINA_HOME:         C:\Users\Andoni\Desktop\MU\3_MAILA\1_CUATRI\Ingenieria_Web\apache-tomcat-8.0.37\apache-tomcat-8.0.37
01-Dec-2016 09:35:46.748 INFO [main] org.apache.catalina.startup.VersionLoggerListener.log Command line argument: -Djdk.tls.ephemeralDHKeySize=2048
01-Dec-2016 09:35:46.748 INFO [main] org.apache.catalina.startup.VersionLoggerListener.log Command line argument: -Djava.util.logging.config.file=C:\Users\Andoni\Desktop\MU\3_MAILA\1_CUATRI\Ingenieria_Web\apache-tomcat-8.0.37\apache-tomcat-8.0.37\conf\logging.properties
01-Dec-2016 09:35:46.748 INFO [main] org.apache.catalina.startup.VersionLoggerListener.log Command line argument: -Djava.util.logging.manager=org.apache.juli.ClassLoaderLogManager
01-Dec-2016 09:35:46.748 INFO [main] org.apache.catalina.startup.VersionLoggerListener.log Command line argument: -Djava.endorsed.dirs=C:\Users\Andoni\Desktop\MU\3_MAILA\1_CUATRI\Ingenieria_Web\apache-tomcat-8.0.37\apache-tomcat-8.0.37\endorsed
01-Dec-2016 09:35:46.749 INFO [main] org.apache.catalina.startup.VersionLoggerListener.log Command line argument: -Dcatalina.base=C:\Users\Andoni\Desktop\MU\3_MAILA\1_CUATRI\Ingenieria_Web\apache-tomcat-8.0.37\apache-tomcat-8.0.37
01-Dec-2016 09:35:46.749 INFO [main] org.apache.catalina.startup.VersionLoggerListener.log Command line argument: -Dcatalina.home=C:\Users\Andoni\Desktop\MU\3_MAILA\1_CUATRI\Ingenieria_Web\apache-tomcat-8.0.37\apache-tomcat-8.0.37
01-Dec-2016 09:35:46.750 INFO [main] org.apache.catalina.startup.VersionLoggerListener.log Command line argument: -Djava.io.tmpdir=C:\Users\Andoni\Desktop\MU\3_MAILA\1_CUATRI\Ingenieria_Web\apache-tomcat-8.0.37\apache-tomcat-8.0.37\temp
01-Dec-2016 09:35:46.750 INFO [main] org.apache.catalina.core.AprLifecycleListener.lifecycleEvent La biblioteca nativa de Apache Tomcat basada en ARP que permite un rendimiento óptimo en entornos de desarrollo no ha sido hallada en java.library.path: C:\Program Files\Java\jre1.8.0_112\bin;C:\WINDOWS\Sun\Java\bin;C:\WINDOWS\system32;C:\WINDOWS;C:\ProgramData\Oracle\Java\javapath;C:\Program Files\Dell\DW WLAN Card;C:\Program Files (x86)\Intel\iCLS Client\;C:\Program Files\Intel\iCLS Client\;C:\Windows\system32;C:\Windows;C:\Windows\System32\Wbem;C:\Windows\System32\WindowsPowerShell\v1.0\;C:\Program Files (x86)\Intel\Intel(R) Management Engine Components\DAL;C:\Program Files\Intel\Intel(R) Management Engine Components\DAL;C:\Program Files (x86)\Intel\Intel(R) Management Engine Components\IPT;C:\Program Files\Intel\Intel(R) Management Engine Components\IPT;C:\Program Files\WIDCOMM\Bluetooth Software\;C:\Program Files\WIDCOMM\Bluetooth Software\syswow64;C:\Program Files (x86)\NVIDIA Corporation\PhysX\Common;C:\Program Files (x86)\Skype\Phone\;C:\WINDOWS\system32;C:\WINDOWS;C:\WINDOWS\System32\Wbem;C:\WINDOWS\System32\WindowsPowerShell\v1.0\;C:\Program Files\Git\cmd;C:\Program Files\MySQL\MySQL Utilities 1.6\;C:\Program Files\TortoiseGit\bin;C:\Users\Andoni\AppData\Local\Programs\Python\Python35\Scripts\;C:\Users\Andoni\AppData\Local\Programs\Python\Python35\;C:\Users\Andoni\AppData\Local\Microsoft\WindowsApps;C:\Program Files\apache-ant-1.9.7\bin;.
01-Dec-2016 09:35:46.860 INFO [main] org.apache.coyote.AbstractProtocol.init Initializing ProtocolHandler ["http-nio-8080"]
01-Dec-2016 09:35:47.022 INFO [main] org.apache.tomcat.util.net.NioSelectorPool.getSharedSelector Using a shared selector for servlet write/read
01-Dec-2016 09:35:47.026 INFO [main] org.apache.coyote.AbstractProtocol.init Initializing ProtocolHandler ["ajp-nio-8009"]
01-Dec-2016 09:35:47.028 INFO [main] org.apache.tomcat.util.net.NioSelectorPool.getSharedSelector Using a shared selector for servlet write/read
01-Dec-2016 09:35:47.028 INFO [main] org.apache.catalina.startup.Catalina.load Initialization processed in 633 ms
01-Dec-2016 09:35:47.056 INFO [main] org.apache.catalina.core.StandardService.startInternal Arrancando servicio Catalina
01-Dec-2016 09:35:47.056 INFO [main] org.apache.catalina.core.StandardEngine.startInternal Starting Servlet Engine: Apache Tomcat/8.0.37
01-Dec-2016 09:35:47.085 INFO [localhost-startStop-1] org.apache.catalina.startup.HostConfig.deployWAR Despliegue del archivo C:\Users\Andoni\Desktop\MU\3_MAILA\1_CUATRI\Ingenieria_Web\apache-tomcat-8.0.37\apache-tomcat-8.0.37\webapps\mvnAMS.war de la aplicación web
01-Dec-2016 09:35:48.604 INFO [localhost-startStop-1] org.apache.jasper.servlet.TldScanner.scanJars Al menos un JAR, que se ha explorado buscando TLDs, aún no contenía TLDs. Activar historial de depuración para este historiador para una completa lista de los JARs que fueron explorados y de los que nos se halló TLDs. Saltarse JARs no necesarios durante la exploración puede dar lugar a una mejora de tiempo significativa en el arranque y compilación de JSP .
01-Dec-2016 09:35:49.234 INFO [localhost-startStop-1] org.apache.catalina.startup.HostConfig.deployWAR Deployment of web application archive C:\Users\Andoni\Desktop\MU\3_MAILA\1_CUATRI\Ingenieria_Web\apache-tomcat-8.0.37\apache-tomcat-8.0.37\webapps\mvnAMS.war has finished in 2.148 ms
01-Dec-2016 09:35:49.235 INFO [localhost-startStop-1] org.apache.catalina.startup.HostConfig.deployWAR Despliegue del archivo C:\Users\Andoni\Desktop\MU\3_MAILA\1_CUATRI\Ingenieria_Web\apache-tomcat-8.0.37\apache-tomcat-8.0.37\webapps\Struts2Hibernate.war de la aplicación web
01-Dec-2016 09:35:50.533 INFO [localhost-startStop-1] org.apache.jasper.servlet.TldScanner.scanJars Al menos un JAR, que se ha explorado buscando TLDs, aún no contenía TLDs. Activar historial de depuración para este historiador para una completa lista de los JARs que fueron explorados y de los que nos se halló TLDs. Saltarse JARs no necesarios durante la exploración puede dar lugar a una mejora de tiempo significativa en el arranque y compilación de JSP .
01-Dec-2016 09:35:51.187 INFO [localhost-startStop-1] org.apache.catalina.startup.HostConfig.deployWAR Deployment of web application archive C:\Users\Andoni\Desktop\MU\3_MAILA\1_CUATRI\Ingenieria_Web\apache-tomcat-8.0.37\apache-tomcat-8.0.37\webapps\Struts2Hibernate.war has finished in 1.951 ms
01-Dec-2016 09:35:51.187 INFO [localhost-startStop-1] org.apache.catalina.startup.HostConfig.deployDirectory Despliegue del directorio C:\Users\Andoni\Desktop\MU\3_MAILA\1_CUATRI\Ingenieria_Web\apache-tomcat-8.0.37\apache-tomcat-8.0.37\webapps\docs de la aplicación web
01-Dec-2016 09:35:51.224 INFO [localhost-startStop-1] org.apache.catalina.startup.HostConfig.deployDirectory Deployment of web application directory C:\Users\Andoni\Desktop\MU\3_MAILA\1_CUATRI\Ingenieria_Web\apache-tomcat-8.0.37\apache-tomcat-8.0.37\webapps\docs has finished in 37 ms
01-Dec-2016 09:35:51.224 INFO [localhost-startStop-1] org.apache.catalina.startup.HostConfig.deployDirectory Despliegue del directorio C:\Users\Andoni\Desktop\MU\3_MAILA\1_CUATRI\Ingenieria_Web\apache-tomcat-8.0.37\apache-tomcat-8.0.37\webapps\examples de la aplicación web
01-Dec-2016 09:35:52.104 INFO [localhost-startStop-1] org.apache.catalina.startup.HostConfig.deployDirectory Deployment of web application directory C:\Users\Andoni\Desktop\MU\3_MAILA\1_CUATRI\Ingenieria_Web\apache-tomcat-8.0.37\apache-tomcat-8.0.37\webapps\examples has finished in 880 ms
01-Dec-2016 09:35:52.105 INFO [localhost-startStop-1] org.apache.catalina.startup.HostConfig.deployDirectory Despliegue del directorio C:\Users\Andoni\Desktop\MU\3_MAILA\1_CUATRI\Ingenieria_Web\apache-tomcat-8.0.37\apache-tomcat-8.0.37\webapps\host-manager de la aplicación web
01-Dec-2016 09:35:52.142 INFO [localhost-startStop-1] org.apache.catalina.startup.HostConfig.deployDirectory Deployment of web application directory C:\Users\Andoni\Desktop\MU\3_MAILA\1_CUATRI\Ingenieria_Web\apache-tomcat-8.0.37\apache-tomcat-8.0.37\webapps\host-manager has finished in 37 ms
01-Dec-2016 09:35:52.142 INFO [localhost-startStop-1] org.apache.catalina.startup.HostConfig.deployDirectory Despliegue del directorio C:\Users\Andoni\Desktop\MU\3_MAILA\1_CUATRI\Ingenieria_Web\apache-tomcat-8.0.37\apache-tomcat-8.0.37\webapps\manager de la aplicación web
01-Dec-2016 09:35:52.176 INFO [localhost-startStop-1] org.apache.catalina.startup.HostConfig.deployDirectory Deployment of web application directory C:\Users\Andoni\Desktop\MU\3_MAILA\1_CUATRI\Ingenieria_Web\apache-tomcat-8.0.37\apache-tomcat-8.0.37\webapps\manager has finished in 34 ms
01-Dec-2016 09:35:52.176 INFO [localhost-startStop-1] org.apache.catalina.startup.HostConfig.deployDirectory Despliegue del directorio C:\Users\Andoni\Desktop\MU\3_MAILA\1_CUATRI\Ingenieria_Web\apache-tomcat-8.0.37\apache-tomcat-8.0.37\webapps\ROOT de la aplicación web
01-Dec-2016 09:35:52.204 INFO [localhost-startStop-1] org.apache.catalina.startup.HostConfig.deployDirectory Deployment of web application directory C:\Users\Andoni\Desktop\MU\3_MAILA\1_CUATRI\Ingenieria_Web\apache-tomcat-8.0.37\apache-tomcat-8.0.37\webapps\ROOT has finished in 28 ms
01-Dec-2016 09:35:52.212 INFO [main] org.apache.coyote.AbstractProtocol.start Starting ProtocolHandler ["http-nio-8080"]
01-Dec-2016 09:35:52.219 INFO [main] org.apache.coyote.AbstractProtocol.start Starting ProtocolHandler ["ajp-nio-8009"]
01-Dec-2016 09:35:52.220 INFO [main] org.apache.catalina.startup.Catalina.start Server startup in 5191 ms
01-Dec-2016 09:36:02.210 INFO [ContainerBackgroundProcessor[StandardEngine[Catalina]]] org.apache.catalina.startup.HostConfig.undeploy Repliegue (undeploy) de la aplicación web que tiene como trayectoria de contexto /Struts2Hibernate
01-Dec-2016 09:36:02.268 SEVERE [ContainerBackgroundProcessor[StandardEngine[Catalina]]] org.apache.catalina.startup.ExpandWar.deleteDir [C:\Users\Andoni\Desktop\MU\3_MAILA\1_CUATRI\Ingenieria_Web\apache-tomcat-8.0.37\apache-tomcat-8.0.37\webapps\Struts2Hibernate\WEB-INF\lib] no pudo ser completamente borrado. La presencia de los ficheros restantes puede causar problemas
01-Dec-2016 09:36:02.269 SEVERE [ContainerBackgroundProcessor[StandardEngine[Catalina]]] org.apache.catalina.startup.ExpandWar.deleteDir [C:\Users\Andoni\Desktop\MU\3_MAILA\1_CUATRI\Ingenieria_Web\apache-tomcat-8.0.37\apache-tomcat-8.0.37\webapps\Struts2Hibernate\WEB-INF] no pudo ser completamente borrado. La presencia de los ficheros restantes puede causar problemas
01-Dec-2016 09:36:02.270 SEVERE [ContainerBackgroundProcessor[StandardEngine[Catalina]]] org.apache.catalina.startup.ExpandWar.deleteDir [C:\Users\Andoni\Desktop\MU\3_MAILA\1_CUATRI\Ingenieria_Web\apache-tomcat-8.0.37\apache-tomcat-8.0.37\webapps\Struts2Hibernate] no pudo ser completamente borrado. La presencia de los ficheros restantes puede causar problemas
01-Dec-2016 09:36:02.270 SEVERE [ContainerBackgroundProcessor[StandardEngine[Catalina]]] org.apache.catalina.startup.ExpandWar.delete [C:\Users\Andoni\Desktop\MU\3_MAILA\1_CUATRI\Ingenieria_Web\apache-tomcat-8.0.37\apache-tomcat-8.0.37\webapps\Struts2Hibernate] no pudo ser completamente borrado. La presencia de los ficheros restantes puede causar problemas
01-Dec-2016 09:36:02.277 INFO [localhost-startStop-2] org.apache.catalina.startup.HostConfig.deployWAR Despliegue del archivo C:\Users\Andoni\Desktop\MU\3_MAILA\1_CUATRI\Ingenieria_Web\apache-tomcat-8.0.37\apache-tomcat-8.0.37\webapps\Struts2Hibernate.war de la aplicación web
01-Dec-2016 09:36:02.387 INFO [localhost-startStop-2] org.apache.jasper.servlet.TldScanner.scanJars Al menos un JAR, que se ha explorado buscando TLDs, aún no contenía TLDs. Activar historial de depuración para este historiador para una completa lista de los JARs que fueron explorados y de los que nos se halló TLDs. Saltarse JARs no necesarios durante la exploración puede dar lugar a una mejora de tiempo significativa en el arranque y compilación de JSP .
01-Dec-2016 09:36:02.390 INFO [localhost-startStop-2] org.apache.catalina.startup.HostConfig.deployWAR Deployment of web application archive C:\Users\Andoni\Desktop\MU\3_MAILA\1_CUATRI\Ingenieria_Web\apache-tomcat-8.0.37\apache-tomcat-8.0.37\webapps\Struts2Hibernate.war has finished in 112 ms
01-Dec-2016 09:36:11.100 INFO [http-nio-8080-exec-8] org.apache.catalina.core.StandardContext.reload Ha comenzado la recarga de Contexto [/Struts2Hibernate]
01-Dec-2016 09:36:11.160 INFO [http-nio-8080-exec-8] org.apache.jasper.servlet.TldScanner.scanJars Al menos un JAR, que se ha explorado buscando TLDs, aún no contenía TLDs. Activar historial de depuración para este historiador para una completa lista de los JARs que fueron explorados y de los que nos se halló TLDs. Saltarse JARs no necesarios durante la exploración puede dar lugar a una mejora de tiempo significativa en el arranque y compilación de JSP .
01-Dec-2016 09:36:11.163 INFO [http-nio-8080-exec-8] org.apache.catalina.core.StandardContext.reload Se ha completado la recarga de este Contexto
01-Dec-2016 09:36:12.225 INFO [http-nio-8080-exec-10] org.apache.catalina.core.StandardContext.reload Ha comenzado la recarga de Contexto [/Struts2Hibernate]
01-Dec-2016 09:36:12.291 INFO [http-nio-8080-exec-10] org.apache.jasper.servlet.TldScanner.scanJars Al menos un JAR, que se ha explorado buscando TLDs, aún no contenía TLDs. Activar historial de depuración para este historiador para una completa lista de los JARs que fueron explorados y de los que nos se halló TLDs. Saltarse JARs no necesarios durante la exploración puede dar lugar a una mejora de tiempo significativa en el arranque y compilación de JSP .
01-Dec-2016 09:36:12.293 INFO [http-nio-8080-exec-10] org.apache.catalina.core.StandardContext.reload Se ha completado la recarga de este Contexto
01-Dec-2016 10:21:01.911 INFO [main] org.apache.catalina.startup.VersionLoggerListener.log Server version:        Apache Tomcat/8.0.37
01-Dec-2016 10:21:01.912 INFO [main] org.apache.catalina.startup.VersionLoggerListener.log Server built:          Sep 1 2016 10:01:52 UTC
01-Dec-2016 10:21:01.912 INFO [main] org.apache.catalina.startup.VersionLoggerListener.log Server number:         8.0.37.0
01-Dec-2016 10:21:01.913 INFO [main] org.apache.catalina.startup.VersionLoggerListener.log OS Name:               Windows 10
01-Dec-2016 10:21:01.913 INFO [main] org.apache.catalina.startup.VersionLoggerListener.log OS Version:            10.0
01-Dec-2016 10:21:01.913 INFO [main] org.apache.catalina.startup.VersionLoggerListener.log Architecture:          amd64
01-Dec-2016 10:21:01.913 INFO [main] org.apache.catalina.startup.VersionLoggerListener.log Java Home:             C:\Program Files\Java\jre1.8.0_112
01-Dec-2016 10:21:01.913 INFO [main] org.apache.catalina.startup.VersionLoggerListener.log JVM Version:           1.8.0_112-b15
01-Dec-2016 10:21:01.913 INFO [main] org.apache.catalina.startup.VersionLoggerListener.log JVM Vendor:            Oracle Corporation
01-Dec-2016 10:21:01.913 INFO [main] org.apache.catalina.startup.VersionLoggerListener.log CATALINA_BASE:         C:\Users\Andoni\Desktop\MU\3_MAILA\PBL_5\mvnAMS\tomcat8
01-Dec-2016 10:21:01.914 INFO [main] org.apache.catalina.startup.VersionLoggerListener.log CATALINA_HOME:         C:\Users\Andoni\Desktop\MU\3_MAILA\PBL_5\mvnAMS\tomcat8
01-Dec-2016 10:21:01.914 INFO [main] org.apache.catalina.startup.VersionLoggerListener.log Command line argument: -Djdk.tls.ephemeralDHKeySize=2048
01-Dec-2016 10:21:01.914 INFO [main] org.apache.catalina.startup.VersionLoggerListener.log Command line argument: -Djava.util.logging.config.file=C:\Users\Andoni\Desktop\MU\3_MAILA\PBL_5\mvnAMS\tomcat8\conf\logging.properties
01-Dec-2016 10:21:01.914 INFO [main] org.apache.catalina.startup.VersionLoggerListener.log Command line argument: -Djava.util.logging.manager=org.apache.juli.ClassLoaderLogManager
01-Dec-2016 10:21:01.914 INFO [main] org.apache.catalina.startup.VersionLoggerListener.log Command line argument: -Djava.endorsed.dirs=C:\Users\Andoni\Desktop\MU\3_MAILA\PBL_5\mvnAMS\tomcat8\endorsed
01-Dec-2016 10:21:01.915 INFO [main] org.apache.catalina.startup.VersionLoggerListener.log Command line argument: -Dcatalina.base=C:\Users\Andoni\Desktop\MU\3_MAILA\PBL_5\mvnAMS\tomcat8
01-Dec-2016 10:21:01.915 INFO [main] org.apache.catalina.startup.VersionLoggerListener.log Command line argument: -Dcatalina.home=C:\Users\Andoni\Desktop\MU\3_MAILA\PBL_5\mvnAMS\tomcat8
01-Dec-2016 10:21:01.916 INFO [main] org.apache.catalina.startup.VersionLoggerListener.log Command line argument: -Djava.io.tmpdir=C:\Users\Andoni\Desktop\MU\3_MAILA\PBL_5\mvnAMS\tomcat8\temp
01-Dec-2016 10:21:01.916 INFO [main] org.apache.catalina.core.AprLifecycleListener.lifecycleEvent La biblioteca nativa de Apache Tomcat basada en ARP que permite un rendimiento óptimo en entornos de desarrollo no ha sido hallada en java.library.path: C:\Program Files\Java\jre1.8.0_112\bin;C:\WINDOWS\Sun\Java\bin;C:\WINDOWS\system32;C:\WINDOWS;C:/Program Files/Java/jre1.8.0_112/bin/server;C:/Program Files/Java/jre1.8.0_112/bin;C:/Program Files/Java/jre1.8.0_112/lib/amd64;C:\ProgramData\Oracle\Java\javapath;C:\Program Files\Dell\DW WLAN Card;C:\Program Files (x86)\Intel\iCLS Client\;C:\Program Files\Intel\iCLS Client\;C:\Windows\system32;C:\Windows;C:\Windows\System32\Wbem;C:\Windows\System32\WindowsPowerShell\v1.0\;C:\Program Files (x86)\Intel\Intel(R) Management Engine Components\DAL;C:\Program Files\Intel\Intel(R) Management Engine Components\DAL;C:\Program Files (x86)\Intel\Intel(R) Management Engine Components\IPT;C:\Program Files\Intel\Intel(R) Management Engine Components\IPT;C:\Program Files\WIDCOMM\Bluetooth Software\;C:\Program Files\WIDCOMM\Bluetooth Software\syswow64;C:\Program Files (x86)\NVIDIA Corporation\PhysX\Common;C:\Program Files (x86)\Skype\Phone\;C:\WINDOWS\system32;C:\WINDOWS;C:\WINDOWS\System32\Wbem;C:\WINDOWS\System32\WindowsPowerShell\v1.0\;C:\Program Files\Git\cmd;C:\Program Files\MySQL\MySQL Utilities 1.6\;C:\Program Files\TortoiseGit\bin;C:\Users\Andoni\AppData\Local\Programs\Python\Python35\Scripts\;C:\Users\Andoni\AppData\Local\Programs\Python\Python35\;C:\Users\Andoni\AppData\Local\Microsoft\WindowsApps;C:\Program Files\apache-ant-1.9.7\bin;C:\Program Files (x86)\eclipse_web\eclipse;;.
01-Dec-2016 10:21:02.019 INFO [main] org.apache.coyote.AbstractProtocol.init Initializing ProtocolHandler ["http-nio-8080"]
01-Dec-2016 10:21:02.028 SEVERE [main] org.apache.coyote.AbstractProtocol.init Failed to initialize end point associated with ProtocolHandler ["http-nio-8080"]
 java.net.BindException: Address already in use: bind
	at sun.nio.ch.Net.bind0(Native Method)
	at sun.nio.ch.Net.bind(Unknown Source)
	at sun.nio.ch.Net.bind(Unknown Source)
	at sun.nio.ch.ServerSocketChannelImpl.bind(Unknown Source)
	at sun.nio.ch.ServerSocketAdaptor.bind(Unknown Source)
	at org.apache.tomcat.util.net.NioEndpoint.bind(NioEndpoint.java:351)
	at org.apache.tomcat.util.net.AbstractEndpoint.init(AbstractEndpoint.java:748)
	at org.apache.coyote.AbstractProtocol.init(AbstractProtocol.java:476)
	at org.apache.coyote.http11.AbstractHttp11JsseProtocol.init(AbstractHttp11JsseProtocol.java:120)
	at org.apache.catalina.connector.Connector.initInternal(Connector.java:960)
	at org.apache.catalina.util.LifecycleBase.init(LifecycleBase.java:102)
	at org.apache.catalina.core.StandardService.initInternal(StandardService.java:568)
	at org.apache.catalina.util.LifecycleBase.init(LifecycleBase.java:102)
	at org.apache.catalina.core.StandardServer.initInternal(StandardServer.java:869)
	at org.apache.catalina.util.LifecycleBase.init(LifecycleBase.java:102)
	at org.apache.catalina.startup.Catalina.load(Catalina.java:580)
	at org.apache.catalina.startup.Catalina.load(Catalina.java:603)
	at sun.reflect.NativeMethodAccessorImpl.invoke0(Native Method)
	at sun.reflect.NativeMethodAccessorImpl.invoke(Unknown Source)
	at sun.reflect.DelegatingMethodAccessorImpl.invoke(Unknown Source)
	at java.lang.reflect.Method.invoke(Unknown Source)
	at org.apache.catalina.startup.Bootstrap.load(Bootstrap.java:310)
	at org.apache.catalina.startup.Bootstrap.main(Bootstrap.java:484)

01-Dec-2016 10:21:02.043 SEVERE [main] org.apache.catalina.core.StandardService.initInternal No pude inicializar el conector [Connector[HTTP/1.1-8080]]
 org.apache.catalina.LifecycleException: Failed to initialize component [Connector[HTTP/1.1-8080]]
	at org.apache.catalina.util.LifecycleBase.init(LifecycleBase.java:107)
	at org.apache.catalina.core.StandardService.initInternal(StandardService.java:568)
	at org.apache.catalina.util.LifecycleBase.init(LifecycleBase.java:102)
	at org.apache.catalina.core.StandardServer.initInternal(StandardServer.java:869)
	at org.apache.catalina.util.LifecycleBase.init(LifecycleBase.java:102)
	at org.apache.catalina.startup.Catalina.load(Catalina.java:580)
	at org.apache.catalina.startup.Catalina.load(Catalina.java:603)
	at sun.reflect.NativeMethodAccessorImpl.invoke0(Native Method)
	at sun.reflect.NativeMethodAccessorImpl.invoke(Unknown Source)
	at sun.reflect.DelegatingMethodAccessorImpl.invoke(Unknown Source)
	at java.lang.reflect.Method.invoke(Unknown Source)
	at org.apache.catalina.startup.Bootstrap.load(Bootstrap.java:310)
	at org.apache.catalina.startup.Bootstrap.main(Bootstrap.java:484)
Caused by: org.apache.catalina.LifecycleException: Falló la inicialización del manejador de protocolo
	at org.apache.catalina.connector.Connector.initInternal(Connector.java:962)
	at org.apache.catalina.util.LifecycleBase.init(LifecycleBase.java:102)
	... 12 more
Caused by: java.net.BindException: Address already in use: bind
	at sun.nio.ch.Net.bind0(Native Method)
	at sun.nio.ch.Net.bind(Unknown Source)
	at sun.nio.ch.Net.bind(Unknown Source)
	at sun.nio.ch.ServerSocketChannelImpl.bind(Unknown Source)
	at sun.nio.ch.ServerSocketAdaptor.bind(Unknown Source)
	at org.apache.tomcat.util.net.NioEndpoint.bind(NioEndpoint.java:351)
	at org.apache.tomcat.util.net.AbstractEndpoint.init(AbstractEndpoint.java:748)
	at org.apache.coyote.AbstractProtocol.init(AbstractProtocol.java:476)
	at org.apache.coyote.http11.AbstractHttp11JsseProtocol.init(AbstractHttp11JsseProtocol.java:120)
	at org.apache.catalina.connector.Connector.initInternal(Connector.java:960)
	... 13 more

01-Dec-2016 10:21:02.045 INFO [main] org.apache.coyote.AbstractProtocol.init Initializing ProtocolHandler ["ajp-nio-8009"]
01-Dec-2016 10:21:02.046 SEVERE [main] org.apache.coyote.AbstractProtocol.init Failed to initialize end point associated with ProtocolHandler ["ajp-nio-8009"]
 java.net.BindException: Address already in use: bind
	at sun.nio.ch.Net.bind0(Native Method)
	at sun.nio.ch.Net.bind(Unknown Source)
	at sun.nio.ch.Net.bind(Unknown Source)
	at sun.nio.ch.ServerSocketChannelImpl.bind(Unknown Source)
	at sun.nio.ch.ServerSocketAdaptor.bind(Unknown Source)
	at org.apache.tomcat.util.net.NioEndpoint.bind(NioEndpoint.java:351)
	at org.apache.tomcat.util.net.AbstractEndpoint.init(AbstractEndpoint.java:748)
	at org.apache.coyote.AbstractProtocol.init(AbstractProtocol.java:476)
	at org.apache.catalina.connector.Connector.initInternal(Connector.java:960)
	at org.apache.catalina.util.LifecycleBase.init(LifecycleBase.java:102)
	at org.apache.catalina.core.StandardService.initInternal(StandardService.java:568)
	at org.apache.catalina.util.LifecycleBase.init(LifecycleBase.java:102)
	at org.apache.catalina.core.StandardServer.initInternal(StandardServer.java:869)
	at org.apache.catalina.util.LifecycleBase.init(LifecycleBase.java:102)
	at org.apache.catalina.startup.Catalina.load(Catalina.java:580)
	at org.apache.catalina.startup.Catalina.load(Catalina.java:603)
	at sun.reflect.NativeMethodAccessorImpl.invoke0(Native Method)
	at sun.reflect.NativeMethodAccessorImpl.invoke(Unknown Source)
	at sun.reflect.DelegatingMethodAccessorImpl.invoke(Unknown Source)
	at java.lang.reflect.Method.invoke(Unknown Source)
	at org.apache.catalina.startup.Bootstrap.load(Bootstrap.java:310)
	at org.apache.catalina.startup.Bootstrap.main(Bootstrap.java:484)

01-Dec-2016 10:21:02.047 SEVERE [main] org.apache.catalina.core.StandardService.initInternal No pude inicializar el conector [Connector[AJP/1.3-8009]]
 org.apache.catalina.LifecycleException: Failed to initialize component [Connector[AJP/1.3-8009]]
	at org.apache.catalina.util.LifecycleBase.init(LifecycleBase.java:107)
	at org.apache.catalina.core.StandardService.initInternal(StandardService.java:568)
	at org.apache.catalina.util.LifecycleBase.init(LifecycleBase.java:102)
	at org.apache.catalina.core.StandardServer.initInternal(StandardServer.java:869)
	at org.apache.catalina.util.LifecycleBase.init(LifecycleBase.java:102)
	at org.apache.catalina.startup.Catalina.load(Catalina.java:580)
	at org.apache.catalina.startup.Catalina.load(Catalina.java:603)
	at sun.reflect.NativeMethodAccessorImpl.invoke0(Native Method)
	at sun.reflect.NativeMethodAccessorImpl.invoke(Unknown Source)
	at sun.reflect.DelegatingMethodAccessorImpl.invoke(Unknown Source)
	at java.lang.reflect.Method.invoke(Unknown Source)
	at org.apache.catalina.startup.Bootstrap.load(Bootstrap.java:310)
	at org.apache.catalina.startup.Bootstrap.main(Bootstrap.java:484)
Caused by: org.apache.catalina.LifecycleException: Falló la inicialización del manejador de protocolo
	at org.apache.catalina.connector.Connector.initInternal(Connector.java:962)
	at org.apache.catalina.util.LifecycleBase.init(LifecycleBase.java:102)
	... 12 more
Caused by: java.net.BindException: Address already in use: bind
	at sun.nio.ch.Net.bind0(Native Method)
	at sun.nio.ch.Net.bind(Unknown Source)
	at sun.nio.ch.Net.bind(Unknown Source)
	at sun.nio.ch.ServerSocketChannelImpl.bind(Unknown Source)
	at sun.nio.ch.ServerSocketAdaptor.bind(Unknown Source)
	at org.apache.tomcat.util.net.NioEndpoint.bind(NioEndpoint.java:351)
	at org.apache.tomcat.util.net.AbstractEndpoint.init(AbstractEndpoint.java:748)
	at org.apache.coyote.AbstractProtocol.init(AbstractProtocol.java:476)
	at org.apache.catalina.connector.Connector.initInternal(Connector.java:960)
	... 13 more

01-Dec-2016 10:21:02.048 INFO [main] org.apache.catalina.startup.Catalina.load Initialization processed in 435 ms
01-Dec-2016 10:21:02.068 INFO [main] org.apache.catalina.core.StandardService.startInternal Arrancando servicio Catalina
01-Dec-2016 10:21:02.068 INFO [main] org.apache.catalina.core.StandardEngine.startInternal Starting Servlet Engine: Apache Tomcat/8.0.37
01-Dec-2016 10:21:02.087 INFO [localhost-startStop-1] org.apache.catalina.startup.HostConfig.deployWAR Despliegue del archivo C:\Users\Andoni\Desktop\MU\3_MAILA\PBL_5\mvnAMS\tomcat8\webapps\mvnAMS.war de la aplicación web
01-Dec-2016 10:21:02.119 INFO [localhost-startStop-1] org.apache.catalina.startup.ExpandWar.expand An expanded directory [C:\Users\Andoni\Desktop\MU\3_MAILA\PBL_5\mvnAMS\tomcat8\webapps\mvnAMS] was found with a last modified time that did not match the associated WAR. It will be deleted.
01-Dec-2016 10:21:05.209 INFO [localhost-startStop-1] org.apache.jasper.servlet.TldScanner.scanJars Al menos un JAR, que se ha explorado buscando TLDs, aún no contenía TLDs. Activar historial de depuración para este historiador para una completa lista de los JARs que fueron explorados y de los que nos se halló TLDs. Saltarse JARs no necesarios durante la exploración puede dar lugar a una mejora de tiempo significativa en el arranque y compilación de JSP .
01-Dec-2016 10:21:05.761 INFO [localhost-startStop-1] org.apache.catalina.startup.HostConfig.deployWAR Deployment of web application archive C:\Users\Andoni\Desktop\MU\3_MAILA\PBL_5\mvnAMS\tomcat8\webapps\mvnAMS.war has finished in 3.673 ms
01-Dec-2016 10:21:05.761 INFO [localhost-startStop-1] org.apache.catalina.startup.HostConfig.deployWAR Despliegue del archivo C:\Users\Andoni\Desktop\MU\3_MAILA\PBL_5\mvnAMS\tomcat8\webapps\Struts2Hibernate.war de la aplicación web
01-Dec-2016 10:21:05.979 INFO [localhost-startStop-1] org.apache.jasper.servlet.TldScanner.scanJars Al menos un JAR, que se ha explorado buscando TLDs, aún no contenía TLDs. Activar historial de depuración para este historiador para una completa lista de los JARs que fueron explorados y de los que nos se halló TLDs. Saltarse JARs no necesarios durante la exploración puede dar lugar a una mejora de tiempo significativa en el arranque y compilación de JSP .
01-Dec-2016 10:21:05.982 INFO [localhost-startStop-1] org.apache.catalina.startup.HostConfig.deployWAR Deployment of web application archive C:\Users\Andoni\Desktop\MU\3_MAILA\PBL_5\mvnAMS\tomcat8\webapps\Struts2Hibernate.war has finished in 221 ms
01-Dec-2016 10:21:05.983 INFO [localhost-startStop-1] org.apache.catalina.startup.HostConfig.deployDirectory Despliegue del directorio C:\Users\Andoni\Desktop\MU\3_MAILA\PBL_5\mvnAMS\tomcat8\webapps\docs de la aplicación web
01-Dec-2016 10:21:06.001 INFO [localhost-startStop-1] org.apache.catalina.startup.HostConfig.deployDirectory Deployment of web application directory C:\Users\Andoni\Desktop\MU\3_MAILA\PBL_5\mvnAMS\tomcat8\webapps\docs has finished in 18 ms
01-Dec-2016 10:21:06.001 INFO [localhost-startStop-1] org.apache.catalina.startup.HostConfig.deployDirectory Despliegue del directorio C:\Users\Andoni\Desktop\MU\3_MAILA\PBL_5\mvnAMS\tomcat8\webapps\examples de la aplicación web
01-Dec-2016 10:21:06.330 INFO [localhost-startStop-1] org.apache.catalina.startup.HostConfig.deployDirectory Deployment of web application directory C:\Users\Andoni\Desktop\MU\3_MAILA\PBL_5\mvnAMS\tomcat8\webapps\examples has finished in 329 ms
01-Dec-2016 10:21:06.330 INFO [localhost-startStop-1] org.apache.catalina.startup.HostConfig.deployDirectory Despliegue del directorio C:\Users\Andoni\Desktop\MU\3_MAILA\PBL_5\mvnAMS\tomcat8\webapps\host-manager de la aplicación web
01-Dec-2016 10:21:06.352 INFO [localhost-startStop-1] org.apache.catalina.startup.HostConfig.deployDirectory Deployment of web application directory C:\Users\Andoni\Desktop\MU\3_MAILA\PBL_5\mvnAMS\tomcat8\webapps\host-manager has finished in 22 ms
01-Dec-2016 10:21:06.352 INFO [localhost-startStop-1] org.apache.catalina.startup.HostConfig.deployDirectory Despliegue del directorio C:\Users\Andoni\Desktop\MU\3_MAILA\PBL_5\mvnAMS\tomcat8\webapps\manager de la aplicación web
01-Dec-2016 10:21:06.371 INFO [localhost-startStop-1] org.apache.catalina.startup.HostConfig.deployDirectory Deployment of web application directory C:\Users\Andoni\Desktop\MU\3_MAILA\PBL_5\mvnAMS\tomcat8\webapps\manager has finished in 19 ms
01-Dec-2016 10:21:06.371 INFO [localhost-startStop-1] org.apache.catalina.startup.HostConfig.deployDirectory Despliegue del directorio C:\Users\Andoni\Desktop\MU\3_MAILA\PBL_5\mvnAMS\tomcat8\webapps\ROOT de la aplicación web
01-Dec-2016 10:21:06.391 INFO [localhost-startStop-1] org.apache.catalina.startup.HostConfig.deployDirectory Deployment of web application directory C:\Users\Andoni\Desktop\MU\3_MAILA\PBL_5\mvnAMS\tomcat8\webapps\ROOT has finished in 20 ms
01-Dec-2016 10:21:06.396 INFO [main] org.apache.catalina.startup.Catalina.start Server startup in 4348 ms
01-Dec-2016 10:21:06.400 SEVERE [main] org.apache.catalina.core.StandardServer.await StandardServer.await: create[localhost:8005]: 
 java.net.BindException: Address already in use: JVM_Bind
	at java.net.DualStackPlainSocketImpl.bind0(Native Method)
	at java.net.DualStackPlainSocketImpl.socketBind(Unknown Source)
	at java.net.AbstractPlainSocketImpl.bind(Unknown Source)
	at java.net.PlainSocketImpl.bind(Unknown Source)
	at java.net.ServerSocket.bind(Unknown Source)
	at java.net.ServerSocket.<init>(Unknown Source)
	at org.apache.catalina.core.StandardServer.await(StandardServer.java:438)
	at org.apache.catalina.startup.Catalina.await(Catalina.java:717)
	at org.apache.catalina.startup.Catalina.start(Catalina.java:663)
	at sun.reflect.NativeMethodAccessorImpl.invoke0(Native Method)
	at sun.reflect.NativeMethodAccessorImpl.invoke(Unknown Source)
	at sun.reflect.DelegatingMethodAccessorImpl.invoke(Unknown Source)
	at java.lang.reflect.Method.invoke(Unknown Source)
	at org.apache.catalina.startup.Bootstrap.start(Bootstrap.java:351)
	at org.apache.catalina.startup.Bootstrap.main(Bootstrap.java:485)

01-Dec-2016 10:21:06.402 INFO [main] org.apache.coyote.AbstractProtocol.pause Pausing ProtocolHandler ["http-nio-8080"]
01-Dec-2016 10:21:06.402 INFO [main] org.apache.coyote.AbstractProtocol.pause Pausing ProtocolHandler ["ajp-nio-8009"]
01-Dec-2016 10:21:06.403 INFO [main] org.apache.catalina.core.StandardService.stopInternal Parando servicio Catalina
01-Dec-2016 10:21:06.429 INFO [main] org.apache.coyote.AbstractProtocol.stop Stopping ProtocolHandler ["http-nio-8080"]
01-Dec-2016 10:21:06.429 INFO [main] org.apache.coyote.AbstractProtocol.destroy Destroying ProtocolHandler ["http-nio-8080"]
01-Dec-2016 10:21:06.431 INFO [main] org.apache.coyote.AbstractProtocol.stop Stopping ProtocolHandler ["ajp-nio-8009"]
01-Dec-2016 10:21:06.431 INFO [main] org.apache.coyote.AbstractProtocol.destroy Destroying ProtocolHandler ["ajp-nio-8009"]
01-Dec-2016 10:32:04.944 INFO [main] org.apache.catalina.startup.VersionLoggerListener.log Server version:        Apache Tomcat/8.0.37
01-Dec-2016 10:32:04.945 INFO [main] org.apache.catalina.startup.VersionLoggerListener.log Server built:          Sep 1 2016 10:01:52 UTC
01-Dec-2016 10:32:04.945 INFO [main] org.apache.catalina.startup.VersionLoggerListener.log Server number:         8.0.37.0
01-Dec-2016 10:32:04.945 INFO [main] org.apache.catalina.startup.VersionLoggerListener.log OS Name:               Windows 10
01-Dec-2016 10:32:04.945 INFO [main] org.apache.catalina.startup.VersionLoggerListener.log OS Version:            10.0
01-Dec-2016 10:32:04.946 INFO [main] org.apache.catalina.startup.VersionLoggerListener.log Architecture:          amd64
01-Dec-2016 10:32:04.946 INFO [main] org.apache.catalina.startup.VersionLoggerListener.log Java Home:             C:\Program Files\Java\jre1.8.0_112
01-Dec-2016 10:32:04.946 INFO [main] org.apache.catalina.startup.VersionLoggerListener.log JVM Version:           1.8.0_112-b15
01-Dec-2016 10:32:04.946 INFO [main] org.apache.catalina.startup.VersionLoggerListener.log JVM Vendor:            Oracle Corporation
01-Dec-2016 10:32:04.946 INFO [main] org.apache.catalina.startup.VersionLoggerListener.log CATALINA_BASE:         C:\Users\Andoni\Desktop\MU\3_MAILA\PBL_5\mvnAMS\tomcat8
01-Dec-2016 10:32:04.947 INFO [main] org.apache.catalina.startup.VersionLoggerListener.log CATALINA_HOME:         C:\Users\Andoni\Desktop\MU\3_MAILA\PBL_5\mvnAMS\tomcat8
01-Dec-2016 10:32:04.947 INFO [main] org.apache.catalina.startup.VersionLoggerListener.log Command line argument: -Djdk.tls.ephemeralDHKeySize=2048
01-Dec-2016 10:32:04.947 INFO [main] org.apache.catalina.startup.VersionLoggerListener.log Command line argument: -Djava.util.logging.config.file=C:\Users\Andoni\Desktop\MU\3_MAILA\PBL_5\mvnAMS\tomcat8\conf\logging.properties
01-Dec-2016 10:32:04.947 INFO [main] org.apache.catalina.startup.VersionLoggerListener.log Command line argument: -Djava.util.logging.manager=org.apache.juli.ClassLoaderLogManager
01-Dec-2016 10:32:04.947 INFO [main] org.apache.catalina.startup.VersionLoggerListener.log Command line argument: -Djava.endorsed.dirs=C:\Users\Andoni\Desktop\MU\3_MAILA\PBL_5\mvnAMS\tomcat8\endorsed
01-Dec-2016 10:32:04.947 INFO [main] org.apache.catalina.startup.VersionLoggerListener.log Command line argument: -Dcatalina.base=C:\Users\Andoni\Desktop\MU\3_MAILA\PBL_5\mvnAMS\tomcat8
01-Dec-2016 10:32:04.947 INFO [main] org.apache.catalina.startup.VersionLoggerListener.log Command line argument: -Dcatalina.home=C:\Users\Andoni\Desktop\MU\3_MAILA\PBL_5\mvnAMS\tomcat8
01-Dec-2016 10:32:04.948 INFO [main] org.apache.catalina.startup.VersionLoggerListener.log Command line argument: -Djava.io.tmpdir=C:\Users\Andoni\Desktop\MU\3_MAILA\PBL_5\mvnAMS\tomcat8\temp
01-Dec-2016 10:32:04.949 INFO [main] org.apache.catalina.core.AprLifecycleListener.lifecycleEvent La biblioteca nativa de Apache Tomcat basada en ARP que permite un rendimiento óptimo en entornos de desarrollo no ha sido hallada en java.library.path: C:\Program Files\Java\jre1.8.0_112\bin;C:\WINDOWS\Sun\Java\bin;C:\WINDOWS\system32;C:\WINDOWS;C:/Program Files/Java/jre1.8.0_112/bin/server;C:/Program Files/Java/jre1.8.0_112/bin;C:/Program Files/Java/jre1.8.0_112/lib/amd64;C:\ProgramData\Oracle\Java\javapath;C:\Program Files\Dell\DW WLAN Card;C:\Program Files (x86)\Intel\iCLS Client\;C:\Program Files\Intel\iCLS Client\;C:\Windows\system32;C:\Windows;C:\Windows\System32\Wbem;C:\Windows\System32\WindowsPowerShell\v1.0\;C:\Program Files (x86)\Intel\Intel(R) Management Engine Components\DAL;C:\Program Files\Intel\Intel(R) Management Engine Components\DAL;C:\Program Files (x86)\Intel\Intel(R) Management Engine Components\IPT;C:\Program Files\Intel\Intel(R) Management Engine Components\IPT;C:\Program Files\WIDCOMM\Bluetooth Software\;C:\Program Files\WIDCOMM\Bluetooth Software\syswow64;C:\Program Files (x86)\NVIDIA Corporation\PhysX\Common;C:\Program Files (x86)\Skype\Phone\;C:\WINDOWS\system32;C:\WINDOWS;C:\WINDOWS\System32\Wbem;C:\WINDOWS\System32\WindowsPowerShell\v1.0\;C:\Program Files\Git\cmd;C:\Program Files\MySQL\MySQL Utilities 1.6\;C:\Program Files\TortoiseGit\bin;C:\Users\Andoni\AppData\Local\Programs\Python\Python35\Scripts\;C:\Users\Andoni\AppData\Local\Programs\Python\Python35\;C:\Users\Andoni\AppData\Local\Microsoft\WindowsApps;C:\Program Files\apache-ant-1.9.7\bin;C:\Program Files (x86)\eclipse_web\eclipse;;.
01-Dec-2016 10:32:05.276 INFO [main] org.apache.coyote.AbstractProtocol.init Initializing ProtocolHandler ["http-nio-8080"]
01-Dec-2016 10:32:05.422 INFO [main] org.apache.tomcat.util.net.NioSelectorPool.getSharedSelector Using a shared selector for servlet write/read
01-Dec-2016 10:32:05.424 INFO [main] org.apache.coyote.AbstractProtocol.init Initializing ProtocolHandler ["ajp-nio-8009"]
01-Dec-2016 10:32:05.426 INFO [main] org.apache.tomcat.util.net.NioSelectorPool.getSharedSelector Using a shared selector for servlet write/read
01-Dec-2016 10:32:05.426 INFO [main] org.apache.catalina.startup.Catalina.load Initialization processed in 771 ms
01-Dec-2016 10:32:05.451 INFO [main] org.apache.catalina.core.StandardService.startInternal Arrancando servicio Catalina
01-Dec-2016 10:32:05.451 INFO [main] org.apache.catalina.core.StandardEngine.startInternal Starting Servlet Engine: Apache Tomcat/8.0.37
01-Dec-2016 10:32:05.472 INFO [localhost-startStop-1] org.apache.catalina.startup.HostConfig.deployWAR Despliegue del archivo C:\Users\Andoni\Desktop\MU\3_MAILA\PBL_5\mvnAMS\tomcat8\webapps\mvnAMS.war de la aplicación web
01-Dec-2016 10:32:06.688 INFO [localhost-startStop-1] org.apache.jasper.servlet.TldScanner.scanJars Al menos un JAR, que se ha explorado buscando TLDs, aún no contenía TLDs. Activar historial de depuración para este historiador para una completa lista de los JARs que fueron explorados y de los que nos se halló TLDs. Saltarse JARs no necesarios durante la exploración puede dar lugar a una mejora de tiempo significativa en el arranque y compilación de JSP .
01-Dec-2016 10:32:07.137 INFO [localhost-startStop-1] org.apache.catalina.startup.HostConfig.deployWAR Deployment of web application archive C:\Users\Andoni\Desktop\MU\3_MAILA\PBL_5\mvnAMS\tomcat8\webapps\mvnAMS.war has finished in 1.664 ms
01-Dec-2016 10:32:07.141 INFO [localhost-startStop-1] org.apache.catalina.startup.HostConfig.deployWAR Despliegue del archivo C:\Users\Andoni\Desktop\MU\3_MAILA\PBL_5\mvnAMS\tomcat8\webapps\Struts2Hibernate.war de la aplicación web
01-Dec-2016 10:32:07.411 INFO [localhost-startStop-1] org.apache.jasper.servlet.TldScanner.scanJars Al menos un JAR, que se ha explorado buscando TLDs, aún no contenía TLDs. Activar historial de depuración para este historiador para una completa lista de los JARs que fueron explorados y de los que nos se halló TLDs. Saltarse JARs no necesarios durante la exploración puede dar lugar a una mejora de tiempo significativa en el arranque y compilación de JSP .
01-Dec-2016 10:32:07.414 INFO [localhost-startStop-1] org.apache.catalina.startup.HostConfig.deployWAR Deployment of web application archive C:\Users\Andoni\Desktop\MU\3_MAILA\PBL_5\mvnAMS\tomcat8\webapps\Struts2Hibernate.war has finished in 272 ms
01-Dec-2016 10:32:07.414 INFO [localhost-startStop-1] org.apache.catalina.startup.HostConfig.deployDirectory Despliegue del directorio C:\Users\Andoni\Desktop\MU\3_MAILA\PBL_5\mvnAMS\tomcat8\webapps\docs de la aplicación web
01-Dec-2016 10:32:07.443 INFO [localhost-startStop-1] org.apache.catalina.startup.HostConfig.deployDirectory Deployment of web application directory C:\Users\Andoni\Desktop\MU\3_MAILA\PBL_5\mvnAMS\tomcat8\webapps\docs has finished in 29 ms
01-Dec-2016 10:32:07.443 INFO [localhost-startStop-1] org.apache.catalina.startup.HostConfig.deployDirectory Despliegue del directorio C:\Users\Andoni\Desktop\MU\3_MAILA\PBL_5\mvnAMS\tomcat8\webapps\examples de la aplicación web
01-Dec-2016 10:32:08.129 INFO [localhost-startStop-1] org.apache.catalina.startup.HostConfig.deployDirectory Deployment of web application directory C:\Users\Andoni\Desktop\MU\3_MAILA\PBL_5\mvnAMS\tomcat8\webapps\examples has finished in 686 ms
01-Dec-2016 10:32:08.130 INFO [localhost-startStop-1] org.apache.catalina.startup.HostConfig.deployDirectory Despliegue del directorio C:\Users\Andoni\Desktop\MU\3_MAILA\PBL_5\mvnAMS\tomcat8\webapps\host-manager de la aplicación web
01-Dec-2016 10:32:08.168 INFO [localhost-startStop-1] org.apache.catalina.startup.HostConfig.deployDirectory Deployment of web application directory C:\Users\Andoni\Desktop\MU\3_MAILA\PBL_5\mvnAMS\tomcat8\webapps\host-manager has finished in 37 ms
01-Dec-2016 10:32:08.168 INFO [localhost-startStop-1] org.apache.catalina.startup.HostConfig.deployDirectory Despliegue del directorio C:\Users\Andoni\Desktop\MU\3_MAILA\PBL_5\mvnAMS\tomcat8\webapps\manager de la aplicación web
01-Dec-2016 10:32:08.198 INFO [localhost-startStop-1] org.apache.catalina.startup.HostConfig.deployDirectory Deployment of web application directory C:\Users\Andoni\Desktop\MU\3_MAILA\PBL_5\mvnAMS\tomcat8\webapps\manager has finished in 30 ms
01-Dec-2016 10:32:08.199 INFO [localhost-startStop-1] org.apache.catalina.startup.HostConfig.deployDirectory Despliegue del directorio C:\Users\Andoni\Desktop\MU\3_MAILA\PBL_5\mvnAMS\tomcat8\webapps\ROOT de la aplicación web
01-Dec-2016 10:32:08.224 INFO [localhost-startStop-1] org.apache.catalina.startup.HostConfig.deployDirectory Deployment of web application directory C:\Users\Andoni\Desktop\MU\3_MAILA\PBL_5\mvnAMS\tomcat8\webapps\ROOT has finished in 25 ms
01-Dec-2016 10:32:08.229 INFO [main] org.apache.coyote.AbstractProtocol.start Starting ProtocolHandler ["http-nio-8080"]
01-Dec-2016 10:32:08.235 INFO [main] org.apache.coyote.AbstractProtocol.start Starting ProtocolHandler ["ajp-nio-8009"]
01-Dec-2016 10:32:08.236 INFO [main] org.apache.catalina.startup.Catalina.start Server startup in 2809 ms
01-Dec-2016 10:32:51.084 INFO [main] org.apache.catalina.startup.VersionLoggerListener.log Server version:        Apache Tomcat/8.0.37
01-Dec-2016 10:32:51.085 INFO [main] org.apache.catalina.startup.VersionLoggerListener.log Server built:          Sep 1 2016 10:01:52 UTC
01-Dec-2016 10:32:51.086 INFO [main] org.apache.catalina.startup.VersionLoggerListener.log Server number:         8.0.37.0
01-Dec-2016 10:32:51.086 INFO [main] org.apache.catalina.startup.VersionLoggerListener.log OS Name:               Windows 10
01-Dec-2016 10:32:51.086 INFO [main] org.apache.catalina.startup.VersionLoggerListener.log OS Version:            10.0
01-Dec-2016 10:32:51.086 INFO [main] org.apache.catalina.startup.VersionLoggerListener.log Architecture:          amd64
01-Dec-2016 10:32:51.086 INFO [main] org.apache.catalina.startup.VersionLoggerListener.log Java Home:             C:\Program Files\Java\jre1.8.0_112
01-Dec-2016 10:32:51.086 INFO [main] org.apache.catalina.startup.VersionLoggerListener.log JVM Version:           1.8.0_112-b15
01-Dec-2016 10:32:51.086 INFO [main] org.apache.catalina.startup.VersionLoggerListener.log JVM Vendor:            Oracle Corporation
01-Dec-2016 10:32:51.086 INFO [main] org.apache.catalina.startup.VersionLoggerListener.log CATALINA_BASE:         C:\Users\Andoni\Desktop\MU\3_MAILA\PBL_5\mvnAMS\tomcat8
01-Dec-2016 10:32:51.087 INFO [main] org.apache.catalina.startup.VersionLoggerListener.log CATALINA_HOME:         C:\Users\Andoni\Desktop\MU\3_MAILA\PBL_5\mvnAMS\tomcat8
01-Dec-2016 10:32:51.087 INFO [main] org.apache.catalina.startup.VersionLoggerListener.log Command line argument: -Djdk.tls.ephemeralDHKeySize=2048
01-Dec-2016 10:32:51.087 INFO [main] org.apache.catalina.startup.VersionLoggerListener.log Command line argument: -Djava.util.logging.config.file=C:\Users\Andoni\Desktop\MU\3_MAILA\PBL_5\mvnAMS\tomcat8\conf\logging.properties
01-Dec-2016 10:32:51.087 INFO [main] org.apache.catalina.startup.VersionLoggerListener.log Command line argument: -Djava.util.logging.manager=org.apache.juli.ClassLoaderLogManager
01-Dec-2016 10:32:51.087 INFO [main] org.apache.catalina.startup.VersionLoggerListener.log Command line argument: -Djava.endorsed.dirs=C:\Users\Andoni\Desktop\MU\3_MAILA\PBL_5\mvnAMS\tomcat8\endorsed
01-Dec-2016 10:32:51.088 INFO [main] org.apache.catalina.startup.VersionLoggerListener.log Command line argument: -Dcatalina.base=C:\Users\Andoni\Desktop\MU\3_MAILA\PBL_5\mvnAMS\tomcat8
01-Dec-2016 10:32:51.088 INFO [main] org.apache.catalina.startup.VersionLoggerListener.log Command line argument: -Dcatalina.home=C:\Users\Andoni\Desktop\MU\3_MAILA\PBL_5\mvnAMS\tomcat8
01-Dec-2016 10:32:51.089 INFO [main] org.apache.catalina.startup.VersionLoggerListener.log Command line argument: -Djava.io.tmpdir=C:\Users\Andoni\Desktop\MU\3_MAILA\PBL_5\mvnAMS\tomcat8\temp
01-Dec-2016 10:32:51.089 INFO [main] org.apache.catalina.core.AprLifecycleListener.lifecycleEvent La biblioteca nativa de Apache Tomcat basada en ARP que permite un rendimiento óptimo en entornos de desarrollo no ha sido hallada en java.library.path: C:\Program Files\Java\jre1.8.0_112\bin;C:\WINDOWS\Sun\Java\bin;C:\WINDOWS\system32;C:\WINDOWS;C:/Program Files/Java/jre1.8.0_112/bin/server;C:/Program Files/Java/jre1.8.0_112/bin;C:/Program Files/Java/jre1.8.0_112/lib/amd64;C:\ProgramData\Oracle\Java\javapath;C:\Program Files\Dell\DW WLAN Card;C:\Program Files (x86)\Intel\iCLS Client\;C:\Program Files\Intel\iCLS Client\;C:\Windows\system32;C:\Windows;C:\Windows\System32\Wbem;C:\Windows\System32\WindowsPowerShell\v1.0\;C:\Program Files (x86)\Intel\Intel(R) Management Engine Components\DAL;C:\Program Files\Intel\Intel(R) Management Engine Components\DAL;C:\Program Files (x86)\Intel\Intel(R) Management Engine Components\IPT;C:\Program Files\Intel\Intel(R) Management Engine Components\IPT;C:\Program Files\WIDCOMM\Bluetooth Software\;C:\Program Files\WIDCOMM\Bluetooth Software\syswow64;C:\Program Files (x86)\NVIDIA Corporation\PhysX\Common;C:\Program Files (x86)\Skype\Phone\;C:\WINDOWS\system32;C:\WINDOWS;C:\WINDOWS\System32\Wbem;C:\WINDOWS\System32\WindowsPowerShell\v1.0\;C:\Program Files\Git\cmd;C:\Program Files\MySQL\MySQL Utilities 1.6\;C:\Program Files\TortoiseGit\bin;C:\Users\Andoni\AppData\Local\Programs\Python\Python35\Scripts\;C:\Users\Andoni\AppData\Local\Programs\Python\Python35\;C:\Users\Andoni\AppData\Local\Microsoft\WindowsApps;C:\Program Files\apache-ant-1.9.7\bin;C:\Program Files (x86)\eclipse_web\eclipse;;.
01-Dec-2016 10:32:51.195 INFO [main] org.apache.coyote.AbstractProtocol.init Initializing ProtocolHandler ["http-nio-8080"]
01-Dec-2016 10:32:51.342 INFO [main] org.apache.tomcat.util.net.NioSelectorPool.getSharedSelector Using a shared selector for servlet write/read
01-Dec-2016 10:32:51.344 INFO [main] org.apache.coyote.AbstractProtocol.init Initializing ProtocolHandler ["ajp-nio-8009"]
01-Dec-2016 10:32:51.346 INFO [main] org.apache.tomcat.util.net.NioSelectorPool.getSharedSelector Using a shared selector for servlet write/read
01-Dec-2016 10:32:51.347 INFO [main] org.apache.catalina.startup.Catalina.load Initialization processed in 563 ms
01-Dec-2016 10:32:51.367 INFO [main] org.apache.catalina.core.StandardService.startInternal Arrancando servicio Catalina
01-Dec-2016 10:32:51.367 INFO [main] org.apache.catalina.core.StandardEngine.startInternal Starting Servlet Engine: Apache Tomcat/8.0.37
01-Dec-2016 10:32:51.386 INFO [localhost-startStop-1] org.apache.catalina.startup.HostConfig.deployWAR Despliegue del archivo C:\Users\Andoni\Desktop\MU\3_MAILA\PBL_5\mvnAMS\tomcat8\webapps\mvnAMS.war de la aplicación web
01-Dec-2016 10:32:52.280 INFO [localhost-startStop-1] org.apache.jasper.servlet.TldScanner.scanJars Al menos un JAR, que se ha explorado buscando TLDs, aún no contenía TLDs. Activar historial de depuración para este historiador para una completa lista de los JARs que fueron explorados y de los que nos se halló TLDs. Saltarse JARs no necesarios durante la exploración puede dar lugar a una mejora de tiempo significativa en el arranque y compilación de JSP .
01-Dec-2016 10:32:52.753 INFO [localhost-startStop-1] org.apache.catalina.startup.HostConfig.deployWAR Deployment of web application archive C:\Users\Andoni\Desktop\MU\3_MAILA\PBL_5\mvnAMS\tomcat8\webapps\mvnAMS.war has finished in 1.366 ms
01-Dec-2016 10:32:52.754 INFO [localhost-startStop-1] org.apache.catalina.startup.HostConfig.deployWAR Despliegue del archivo C:\Users\Andoni\Desktop\MU\3_MAILA\PBL_5\mvnAMS\tomcat8\webapps\Struts2Hibernate.war de la aplicación web
01-Dec-2016 10:32:52.880 INFO [localhost-startStop-1] org.apache.jasper.servlet.TldScanner.scanJars Al menos un JAR, que se ha explorado buscando TLDs, aún no contenía TLDs. Activar historial de depuración para este historiador para una completa lista de los JARs que fueron explorados y de los que nos se halló TLDs. Saltarse JARs no necesarios durante la exploración puede dar lugar a una mejora de tiempo significativa en el arranque y compilación de JSP .
01-Dec-2016 10:32:52.884 INFO [localhost-startStop-1] org.apache.catalina.startup.HostConfig.deployWAR Deployment of web application archive C:\Users\Andoni\Desktop\MU\3_MAILA\PBL_5\mvnAMS\tomcat8\webapps\Struts2Hibernate.war has finished in 130 ms
01-Dec-2016 10:32:52.885 INFO [localhost-startStop-1] org.apache.catalina.startup.HostConfig.deployDirectory Despliegue del directorio C:\Users\Andoni\Desktop\MU\3_MAILA\PBL_5\mvnAMS\tomcat8\webapps\docs de la aplicación web
01-Dec-2016 10:32:52.913 INFO [localhost-startStop-1] org.apache.catalina.startup.HostConfig.deployDirectory Deployment of web application directory C:\Users\Andoni\Desktop\MU\3_MAILA\PBL_5\mvnAMS\tomcat8\webapps\docs has finished in 28 ms
01-Dec-2016 10:32:52.914 INFO [localhost-startStop-1] org.apache.catalina.startup.HostConfig.deployDirectory Despliegue del directorio C:\Users\Andoni\Desktop\MU\3_MAILA\PBL_5\mvnAMS\tomcat8\webapps\examples de la aplicación web
01-Dec-2016 10:32:53.083 INFO [localhost-startStop-1] org.apache.catalina.startup.HostConfig.deployDirectory Deployment of web application directory C:\Users\Andoni\Desktop\MU\3_MAILA\PBL_5\mvnAMS\tomcat8\webapps\examples has finished in 170 ms
01-Dec-2016 10:32:53.083 INFO [localhost-startStop-1] org.apache.catalina.startup.HostConfig.deployDirectory Despliegue del directorio C:\Users\Andoni\Desktop\MU\3_MAILA\PBL_5\mvnAMS\tomcat8\webapps\host-manager de la aplicación web
01-Dec-2016 10:32:53.110 INFO [localhost-startStop-1] org.apache.catalina.startup.HostConfig.deployDirectory Deployment of web application directory C:\Users\Andoni\Desktop\MU\3_MAILA\PBL_5\mvnAMS\tomcat8\webapps\host-manager has finished in 26 ms
01-Dec-2016 10:32:53.110 INFO [localhost-startStop-1] org.apache.catalina.startup.HostConfig.deployDirectory Despliegue del directorio C:\Users\Andoni\Desktop\MU\3_MAILA\PBL_5\mvnAMS\tomcat8\webapps\manager de la aplicación web
01-Dec-2016 10:32:53.130 INFO [localhost-startStop-1] org.apache.catalina.startup.HostConfig.deployDirectory Deployment of web application directory C:\Users\Andoni\Desktop\MU\3_MAILA\PBL_5\mvnAMS\tomcat8\webapps\manager has finished in 20 ms
01-Dec-2016 10:32:53.130 INFO [localhost-startStop-1] org.apache.catalina.startup.HostConfig.deployDirectory Despliegue del directorio C:\Users\Andoni\Desktop\MU\3_MAILA\PBL_5\mvnAMS\tomcat8\webapps\ROOT de la aplicación web
01-Dec-2016 10:32:53.147 INFO [localhost-startStop-1] org.apache.catalina.startup.HostConfig.deployDirectory Deployment of web application directory C:\Users\Andoni\Desktop\MU\3_MAILA\PBL_5\mvnAMS\tomcat8\webapps\ROOT has finished in 16 ms
01-Dec-2016 10:32:53.150 INFO [main] org.apache.coyote.AbstractProtocol.start Starting ProtocolHandler ["http-nio-8080"]
01-Dec-2016 10:32:53.156 INFO [main] org.apache.coyote.AbstractProtocol.start Starting ProtocolHandler ["ajp-nio-8009"]
01-Dec-2016 10:32:53.157 INFO [main] org.apache.catalina.startup.Catalina.start Server startup in 1809 ms
01-Dec-2016 10:55:31.737 INFO [main] org.apache.catalina.startup.VersionLoggerListener.log Server version:        Apache Tomcat/8.0.37
01-Dec-2016 10:55:31.738 INFO [main] org.apache.catalina.startup.VersionLoggerListener.log Server built:          Sep 1 2016 10:01:52 UTC
01-Dec-2016 10:55:31.739 INFO [main] org.apache.catalina.startup.VersionLoggerListener.log Server number:         8.0.37.0
01-Dec-2016 10:55:31.739 INFO [main] org.apache.catalina.startup.VersionLoggerListener.log OS Name:               Windows 10
01-Dec-2016 10:55:31.739 INFO [main] org.apache.catalina.startup.VersionLoggerListener.log OS Version:            10.0
01-Dec-2016 10:55:31.739 INFO [main] org.apache.catalina.startup.VersionLoggerListener.log Architecture:          amd64
01-Dec-2016 10:55:31.739 INFO [main] org.apache.catalina.startup.VersionLoggerListener.log Java Home:             C:\Program Files\Java\jre1.8.0_112
01-Dec-2016 10:55:31.739 INFO [main] org.apache.catalina.startup.VersionLoggerListener.log JVM Version:           1.8.0_112-b15
01-Dec-2016 10:55:31.739 INFO [main] org.apache.catalina.startup.VersionLoggerListener.log JVM Vendor:            Oracle Corporation
01-Dec-2016 10:55:31.739 INFO [main] org.apache.catalina.startup.VersionLoggerListener.log CATALINA_BASE:         C:\Users\Andoni\Desktop\MU\3_MAILA\PBL_5\mvnAMS\tomcat8
01-Dec-2016 10:55:31.739 INFO [main] org.apache.catalina.startup.VersionLoggerListener.log CATALINA_HOME:         C:\Users\Andoni\Desktop\MU\3_MAILA\PBL_5\mvnAMS\tomcat8
01-Dec-2016 10:55:31.740 INFO [main] org.apache.catalina.startup.VersionLoggerListener.log Command line argument: -Djdk.tls.ephemeralDHKeySize=2048
01-Dec-2016 10:55:31.740 INFO [main] org.apache.catalina.startup.VersionLoggerListener.log Command line argument: -Djava.util.logging.config.file=C:\Users\Andoni\Desktop\MU\3_MAILA\PBL_5\mvnAMS\tomcat8\conf\logging.properties
01-Dec-2016 10:55:31.740 INFO [main] org.apache.catalina.startup.VersionLoggerListener.log Command line argument: -Djava.util.logging.manager=org.apache.juli.ClassLoaderLogManager
01-Dec-2016 10:55:31.740 INFO [main] org.apache.catalina.startup.VersionLoggerListener.log Command line argument: -Djava.endorsed.dirs=C:\Users\Andoni\Desktop\MU\3_MAILA\PBL_5\mvnAMS\tomcat8\endorsed
01-Dec-2016 10:55:31.740 INFO [main] org.apache.catalina.startup.VersionLoggerListener.log Command line argument: -Dcatalina.base=C:\Users\Andoni\Desktop\MU\3_MAILA\PBL_5\mvnAMS\tomcat8
01-Dec-2016 10:55:31.740 INFO [main] org.apache.catalina.startup.VersionLoggerListener.log Command line argument: -Dcatalina.home=C:\Users\Andoni\Desktop\MU\3_MAILA\PBL_5\mvnAMS\tomcat8
01-Dec-2016 10:55:31.741 INFO [main] org.apache.catalina.startup.VersionLoggerListener.log Command line argument: -Djava.io.tmpdir=C:\Users\Andoni\Desktop\MU\3_MAILA\PBL_5\mvnAMS\tomcat8\temp
01-Dec-2016 10:55:31.741 INFO [main] org.apache.catalina.core.AprLifecycleListener.lifecycleEvent La biblioteca nativa de Apache Tomcat basada en ARP que permite un rendimiento óptimo en entornos de desarrollo no ha sido hallada en java.library.path: C:\Program Files\Java\jre1.8.0_112\bin;C:\WINDOWS\Sun\Java\bin;C:\WINDOWS\system32;C:\WINDOWS;C:\ProgramData\Oracle\Java\javapath;C:\Program Files\Dell\DW WLAN Card;C:\Program Files (x86)\Intel\iCLS Client\;C:\Program Files\Intel\iCLS Client\;C:\Windows\system32;C:\Windows;C:\Windows\System32\Wbem;C:\Windows\System32\WindowsPowerShell\v1.0\;C:\Program Files (x86)\Intel\Intel(R) Management Engine Components\DAL;C:\Program Files\Intel\Intel(R) Management Engine Components\DAL;C:\Program Files (x86)\Intel\Intel(R) Management Engine Components\IPT;C:\Program Files\Intel\Intel(R) Management Engine Components\IPT;C:\Program Files\WIDCOMM\Bluetooth Software\;C:\Program Files\WIDCOMM\Bluetooth Software\syswow64;C:\Program Files (x86)\NVIDIA Corporation\PhysX\Common;C:\Program Files (x86)\Skype\Phone\;C:\WINDOWS\system32;C:\WINDOWS;C:\WINDOWS\System32\Wbem;C:\WINDOWS\System32\WindowsPowerShell\v1.0\;C:\Program Files\Git\cmd;C:\Program Files\MySQL\MySQL Utilities 1.6\;C:\Program Files\TortoiseGit\bin;C:\Users\Andoni\Desktop\MU\3_MAILA\PBL_5\mvnAMS\maven\bin;C:\Users\Andoni\AppData\Local\Programs\Python\Python35\Scripts\;C:\Users\Andoni\AppData\Local\Programs\Python\Python35\;C:\Users\Andoni\AppData\Local\Microsoft\WindowsApps;C:\Program Files\apache-ant-1.9.7\bin;.
01-Dec-2016 10:55:31.867 INFO [main] org.apache.coyote.AbstractProtocol.init Initializing ProtocolHandler ["http-nio-8080"]
01-Dec-2016 10:55:32.020 INFO [main] org.apache.tomcat.util.net.NioSelectorPool.getSharedSelector Using a shared selector for servlet write/read
01-Dec-2016 10:55:32.022 INFO [main] org.apache.coyote.AbstractProtocol.init Initializing ProtocolHandler ["ajp-nio-8009"]
01-Dec-2016 10:55:32.024 INFO [main] org.apache.tomcat.util.net.NioSelectorPool.getSharedSelector Using a shared selector for servlet write/read
01-Dec-2016 10:55:32.024 INFO [main] org.apache.catalina.startup.Catalina.load Initialization processed in 740 ms
01-Dec-2016 10:55:32.046 INFO [main] org.apache.catalina.core.StandardService.startInternal Arrancando servicio Catalina
01-Dec-2016 10:55:32.047 INFO [main] org.apache.catalina.core.StandardEngine.startInternal Starting Servlet Engine: Apache Tomcat/8.0.37
01-Dec-2016 10:55:32.067 INFO [localhost-startStop-1] org.apache.catalina.startup.HostConfig.deployWAR Despliegue del archivo C:\Users\Andoni\Desktop\MU\3_MAILA\PBL_5\mvnAMS\tomcat8\webapps\mvnAMS.war de la aplicación web
01-Dec-2016 10:55:32.103 INFO [localhost-startStop-1] org.apache.catalina.startup.ExpandWar.expand An expanded directory [C:\Users\Andoni\Desktop\MU\3_MAILA\PBL_5\mvnAMS\tomcat8\webapps\mvnAMS] was found with a last modified time that did not match the associated WAR. It will be deleted.
01-Dec-2016 10:55:35.342 INFO [localhost-startStop-1] org.apache.jasper.servlet.TldScanner.scanJars Al menos un JAR, que se ha explorado buscando TLDs, aún no contenía TLDs. Activar historial de depuración para este historiador para una completa lista de los JARs que fueron explorados y de los que nos se halló TLDs. Saltarse JARs no necesarios durante la exploración puede dar lugar a una mejora de tiempo significativa en el arranque y compilación de JSP .
01-Dec-2016 10:55:35.821 INFO [localhost-startStop-1] org.apache.catalina.startup.HostConfig.deployWAR Deployment of web application archive C:\Users\Andoni\Desktop\MU\3_MAILA\PBL_5\mvnAMS\tomcat8\webapps\mvnAMS.war has finished in 3.753 ms
01-Dec-2016 10:55:35.822 INFO [localhost-startStop-1] org.apache.catalina.startup.HostConfig.deployWAR Despliegue del archivo C:\Users\Andoni\Desktop\MU\3_MAILA\PBL_5\mvnAMS\tomcat8\webapps\Struts2Hibernate.war de la aplicación web
01-Dec-2016 10:55:35.939 INFO [localhost-startStop-1] org.apache.jasper.servlet.TldScanner.scanJars Al menos un JAR, que se ha explorado buscando TLDs, aún no contenía TLDs. Activar historial de depuración para este historiador para una completa lista de los JARs que fueron explorados y de los que nos se halló TLDs. Saltarse JARs no necesarios durante la exploración puede dar lugar a una mejora de tiempo significativa en el arranque y compilación de JSP .
01-Dec-2016 10:55:35.943 INFO [localhost-startStop-1] org.apache.catalina.startup.HostConfig.deployWAR Deployment of web application archive C:\Users\Andoni\Desktop\MU\3_MAILA\PBL_5\mvnAMS\tomcat8\webapps\Struts2Hibernate.war has finished in 121 ms
01-Dec-2016 10:55:35.944 INFO [localhost-startStop-1] org.apache.catalina.startup.HostConfig.deployDirectory Despliegue del directorio C:\Users\Andoni\Desktop\MU\3_MAILA\PBL_5\mvnAMS\tomcat8\webapps\docs de la aplicación web
01-Dec-2016 10:55:35.976 INFO [localhost-startStop-1] org.apache.catalina.startup.HostConfig.deployDirectory Deployment of web application directory C:\Users\Andoni\Desktop\MU\3_MAILA\PBL_5\mvnAMS\tomcat8\webapps\docs has finished in 31 ms
01-Dec-2016 10:55:35.976 INFO [localhost-startStop-1] org.apache.catalina.startup.HostConfig.deployDirectory Despliegue del directorio C:\Users\Andoni\Desktop\MU\3_MAILA\PBL_5\mvnAMS\tomcat8\webapps\examples de la aplicación web
01-Dec-2016 10:55:36.129 INFO [localhost-startStop-1] org.apache.catalina.startup.HostConfig.deployDirectory Deployment of web application directory C:\Users\Andoni\Desktop\MU\3_MAILA\PBL_5\mvnAMS\tomcat8\webapps\examples has finished in 153 ms
01-Dec-2016 10:55:36.129 INFO [localhost-startStop-1] org.apache.catalina.startup.HostConfig.deployDirectory Despliegue del directorio C:\Users\Andoni\Desktop\MU\3_MAILA\PBL_5\mvnAMS\tomcat8\webapps\host-manager de la aplicación web
01-Dec-2016 10:55:36.149 INFO [localhost-startStop-1] org.apache.catalina.startup.HostConfig.deployDirectory Deployment of web application directory C:\Users\Andoni\Desktop\MU\3_MAILA\PBL_5\mvnAMS\tomcat8\webapps\host-manager has finished in 20 ms
01-Dec-2016 10:55:36.149 INFO [localhost-startStop-1] org.apache.catalina.startup.HostConfig.deployDirectory Despliegue del directorio C:\Users\Andoni\Desktop\MU\3_MAILA\PBL_5\mvnAMS\tomcat8\webapps\manager de la aplicación web
01-Dec-2016 10:55:36.169 INFO [localhost-startStop-1] org.apache.catalina.startup.HostConfig.deployDirectory Deployment of web application directory C:\Users\Andoni\Desktop\MU\3_MAILA\PBL_5\mvnAMS\tomcat8\webapps\manager has finished in 20 ms
01-Dec-2016 10:55:36.170 INFO [localhost-startStop-1] org.apache.catalina.startup.HostConfig.deployDirectory Despliegue del directorio C:\Users\Andoni\Desktop\MU\3_MAILA\PBL_5\mvnAMS\tomcat8\webapps\ROOT de la aplicación web
01-Dec-2016 10:55:36.185 INFO [localhost-startStop-1] org.apache.catalina.startup.HostConfig.deployDirectory Deployment of web application directory C:\Users\Andoni\Desktop\MU\3_MAILA\PBL_5\mvnAMS\tomcat8\webapps\ROOT has finished in 14 ms
01-Dec-2016 10:55:36.189 INFO [main] org.apache.coyote.AbstractProtocol.start Starting ProtocolHandler ["http-nio-8080"]
01-Dec-2016 10:55:36.194 INFO [main] org.apache.coyote.AbstractProtocol.start Starting ProtocolHandler ["ajp-nio-8009"]
01-Dec-2016 10:55:36.195 INFO [main] org.apache.catalina.startup.Catalina.start Server startup in 4170 ms
01-Dec-2016 10:56:19.528 INFO [main] org.apache.catalina.startup.VersionLoggerListener.log Server version:        Apache Tomcat/8.0.37
01-Dec-2016 10:56:19.529 INFO [main] org.apache.catalina.startup.VersionLoggerListener.log Server built:          Sep 1 2016 10:01:52 UTC
01-Dec-2016 10:56:19.529 INFO [main] org.apache.catalina.startup.VersionLoggerListener.log Server number:         8.0.37.0
01-Dec-2016 10:56:19.529 INFO [main] org.apache.catalina.startup.VersionLoggerListener.log OS Name:               Windows 10
01-Dec-2016 10:56:19.529 INFO [main] org.apache.catalina.startup.VersionLoggerListener.log OS Version:            10.0
01-Dec-2016 10:56:19.529 INFO [main] org.apache.catalina.startup.VersionLoggerListener.log Architecture:          amd64
01-Dec-2016 10:56:19.530 INFO [main] org.apache.catalina.startup.VersionLoggerListener.log Java Home:             C:\Program Files\Java\jre1.8.0_112
01-Dec-2016 10:56:19.530 INFO [main] org.apache.catalina.startup.VersionLoggerListener.log JVM Version:           1.8.0_112-b15
01-Dec-2016 10:56:19.530 INFO [main] org.apache.catalina.startup.VersionLoggerListener.log JVM Vendor:            Oracle Corporation
01-Dec-2016 10:56:19.530 INFO [main] org.apache.catalina.startup.VersionLoggerListener.log CATALINA_BASE:         C:\Users\Andoni\Desktop\MU\3_MAILA\PBL_5\mvnAMS\tomcat8
01-Dec-2016 10:56:19.530 INFO [main] org.apache.catalina.startup.VersionLoggerListener.log CATALINA_HOME:         C:\Users\Andoni\Desktop\MU\3_MAILA\PBL_5\mvnAMS\tomcat8
01-Dec-2016 10:56:19.530 INFO [main] org.apache.catalina.startup.VersionLoggerListener.log Command line argument: -Djdk.tls.ephemeralDHKeySize=2048
01-Dec-2016 10:56:19.530 INFO [main] org.apache.catalina.startup.VersionLoggerListener.log Command line argument: -Djava.util.logging.config.file=C:\Users\Andoni\Desktop\MU\3_MAILA\PBL_5\mvnAMS\tomcat8\conf\logging.properties
01-Dec-2016 10:56:19.530 INFO [main] org.apache.catalina.startup.VersionLoggerListener.log Command line argument: -Djava.util.logging.manager=org.apache.juli.ClassLoaderLogManager
01-Dec-2016 10:56:19.531 INFO [main] org.apache.catalina.startup.VersionLoggerListener.log Command line argument: -Djava.endorsed.dirs=C:\Users\Andoni\Desktop\MU\3_MAILA\PBL_5\mvnAMS\tomcat8\endorsed
01-Dec-2016 10:56:19.531 INFO [main] org.apache.catalina.startup.VersionLoggerListener.log Command line argument: -Dcatalina.base=C:\Users\Andoni\Desktop\MU\3_MAILA\PBL_5\mvnAMS\tomcat8
01-Dec-2016 10:56:19.531 INFO [main] org.apache.catalina.startup.VersionLoggerListener.log Command line argument: -Dcatalina.home=C:\Users\Andoni\Desktop\MU\3_MAILA\PBL_5\mvnAMS\tomcat8
01-Dec-2016 10:56:19.531 INFO [main] org.apache.catalina.startup.VersionLoggerListener.log Command line argument: -Djava.io.tmpdir=C:\Users\Andoni\Desktop\MU\3_MAILA\PBL_5\mvnAMS\tomcat8\temp
01-Dec-2016 10:56:19.532 INFO [main] org.apache.catalina.core.AprLifecycleListener.lifecycleEvent La biblioteca nativa de Apache Tomcat basada en ARP que permite un rendimiento óptimo en entornos de desarrollo no ha sido hallada en java.library.path: C:\Program Files\Java\jre1.8.0_112\bin;C:\WINDOWS\Sun\Java\bin;C:\WINDOWS\system32;C:\WINDOWS;C:\ProgramData\Oracle\Java\javapath;C:\Program Files\Dell\DW WLAN Card;C:\Program Files (x86)\Intel\iCLS Client\;C:\Program Files\Intel\iCLS Client\;C:\Windows\system32;C:\Windows;C:\Windows\System32\Wbem;C:\Windows\System32\WindowsPowerShell\v1.0\;C:\Program Files (x86)\Intel\Intel(R) Management Engine Components\DAL;C:\Program Files\Intel\Intel(R) Management Engine Components\DAL;C:\Program Files (x86)\Intel\Intel(R) Management Engine Components\IPT;C:\Program Files\Intel\Intel(R) Management Engine Components\IPT;C:\Program Files\WIDCOMM\Bluetooth Software\;C:\Program Files\WIDCOMM\Bluetooth Software\syswow64;C:\Program Files (x86)\NVIDIA Corporation\PhysX\Common;C:\Program Files (x86)\Skype\Phone\;C:\WINDOWS\system32;C:\WINDOWS;C:\WINDOWS\System32\Wbem;C:\WINDOWS\System32\WindowsPowerShell\v1.0\;C:\Program Files\Git\cmd;C:\Program Files\MySQL\MySQL Utilities 1.6\;C:\Program Files\TortoiseGit\bin;C:\Users\Andoni\Desktop\MU\3_MAILA\PBL_5\mvnAMS\maven\bin;C:\Users\Andoni\AppData\Local\Programs\Python\Python35\Scripts\;C:\Users\Andoni\AppData\Local\Programs\Python\Python35\;C:\Users\Andoni\AppData\Local\Microsoft\WindowsApps;C:\Program Files\apache-ant-1.9.7\bin;.
01-Dec-2016 10:56:19.645 INFO [main] org.apache.coyote.AbstractProtocol.init Initializing ProtocolHandler ["http-nio-8080"]
01-Dec-2016 10:56:19.798 INFO [main] org.apache.tomcat.util.net.NioSelectorPool.getSharedSelector Using a shared selector for servlet write/read
01-Dec-2016 10:56:19.800 INFO [main] org.apache.coyote.AbstractProtocol.init Initializing ProtocolHandler ["ajp-nio-8009"]
01-Dec-2016 10:56:19.802 INFO [main] org.apache.tomcat.util.net.NioSelectorPool.getSharedSelector Using a shared selector for servlet write/read
01-Dec-2016 10:56:19.802 INFO [main] org.apache.catalina.startup.Catalina.load Initialization processed in 702 ms
01-Dec-2016 10:56:19.824 INFO [main] org.apache.catalina.core.StandardService.startInternal Arrancando servicio Catalina
01-Dec-2016 10:56:19.824 INFO [main] org.apache.catalina.core.StandardEngine.startInternal Starting Servlet Engine: Apache Tomcat/8.0.37
01-Dec-2016 10:56:19.844 INFO [localhost-startStop-1] org.apache.catalina.startup.HostConfig.deployWAR Despliegue del archivo C:\Users\Andoni\Desktop\MU\3_MAILA\PBL_5\mvnAMS\tomcat8\webapps\mvnAMS.war de la aplicación web
01-Dec-2016 10:56:19.879 INFO [localhost-startStop-1] org.apache.catalina.startup.ExpandWar.expand An expanded directory [C:\Users\Andoni\Desktop\MU\3_MAILA\PBL_5\mvnAMS\tomcat8\webapps\mvnAMS] was found with a last modified time that did not match the associated WAR. It will be deleted.
01-Dec-2016 10:56:22.660 INFO [localhost-startStop-1] org.apache.jasper.servlet.TldScanner.scanJars Al menos un JAR, que se ha explorado buscando TLDs, aún no contenía TLDs. Activar historial de depuración para este historiador para una completa lista de los JARs que fueron explorados y de los que nos se halló TLDs. Saltarse JARs no necesarios durante la exploración puede dar lugar a una mejora de tiempo significativa en el arranque y compilación de JSP .
01-Dec-2016 10:56:23.122 INFO [localhost-startStop-1] org.apache.catalina.startup.HostConfig.deployWAR Deployment of web application archive C:\Users\Andoni\Desktop\MU\3_MAILA\PBL_5\mvnAMS\tomcat8\webapps\mvnAMS.war has finished in 3.277 ms
01-Dec-2016 10:56:23.123 INFO [localhost-startStop-1] org.apache.catalina.startup.HostConfig.deployWAR Despliegue del archivo C:\Users\Andoni\Desktop\MU\3_MAILA\PBL_5\mvnAMS\tomcat8\webapps\Struts2Hibernate.war de la aplicación web
01-Dec-2016 10:56:23.261 INFO [localhost-startStop-1] org.apache.jasper.servlet.TldScanner.scanJars Al menos un JAR, que se ha explorado buscando TLDs, aún no contenía TLDs. Activar historial de depuración para este historiador para una completa lista de los JARs que fueron explorados y de los que nos se halló TLDs. Saltarse JARs no necesarios durante la exploración puede dar lugar a una mejora de tiempo significativa en el arranque y compilación de JSP .
01-Dec-2016 10:56:23.264 INFO [localhost-startStop-1] org.apache.catalina.startup.HostConfig.deployWAR Deployment of web application archive C:\Users\Andoni\Desktop\MU\3_MAILA\PBL_5\mvnAMS\tomcat8\webapps\Struts2Hibernate.war has finished in 141 ms
01-Dec-2016 10:56:23.265 INFO [localhost-startStop-1] org.apache.catalina.startup.HostConfig.deployDirectory Despliegue del directorio C:\Users\Andoni\Desktop\MU\3_MAILA\PBL_5\mvnAMS\tomcat8\webapps\docs de la aplicación web
01-Dec-2016 10:56:23.296 INFO [localhost-startStop-1] org.apache.catalina.startup.HostConfig.deployDirectory Deployment of web application directory C:\Users\Andoni\Desktop\MU\3_MAILA\PBL_5\mvnAMS\tomcat8\webapps\docs has finished in 31 ms
01-Dec-2016 10:56:23.296 INFO [localhost-startStop-1] org.apache.catalina.startup.HostConfig.deployDirectory Despliegue del directorio C:\Users\Andoni\Desktop\MU\3_MAILA\PBL_5\mvnAMS\tomcat8\webapps\examples de la aplicación web
01-Dec-2016 10:56:23.460 INFO [localhost-startStop-1] org.apache.catalina.startup.HostConfig.deployDirectory Deployment of web application directory C:\Users\Andoni\Desktop\MU\3_MAILA\PBL_5\mvnAMS\tomcat8\webapps\examples has finished in 164 ms
01-Dec-2016 10:56:23.461 INFO [localhost-startStop-1] org.apache.catalina.startup.HostConfig.deployDirectory Despliegue del directorio C:\Users\Andoni\Desktop\MU\3_MAILA\PBL_5\mvnAMS\tomcat8\webapps\host-manager de la aplicación web
01-Dec-2016 10:56:23.485 INFO [localhost-startStop-1] org.apache.catalina.startup.HostConfig.deployDirectory Deployment of web application directory C:\Users\Andoni\Desktop\MU\3_MAILA\PBL_5\mvnAMS\tomcat8\webapps\host-manager has finished in 24 ms
01-Dec-2016 10:56:23.485 INFO [localhost-startStop-1] org.apache.catalina.startup.HostConfig.deployDirectory Despliegue del directorio C:\Users\Andoni\Desktop\MU\3_MAILA\PBL_5\mvnAMS\tomcat8\webapps\manager de la aplicación web
01-Dec-2016 10:56:23.508 INFO [localhost-startStop-1] org.apache.catalina.startup.HostConfig.deployDirectory Deployment of web application directory C:\Users\Andoni\Desktop\MU\3_MAILA\PBL_5\mvnAMS\tomcat8\webapps\manager has finished in 23 ms
01-Dec-2016 10:56:23.509 INFO [localhost-startStop-1] org.apache.catalina.startup.HostConfig.deployDirectory Despliegue del directorio C:\Users\Andoni\Desktop\MU\3_MAILA\PBL_5\mvnAMS\tomcat8\webapps\ROOT de la aplicación web
01-Dec-2016 10:56:23.527 INFO [localhost-startStop-1] org.apache.catalina.startup.HostConfig.deployDirectory Deployment of web application directory C:\Users\Andoni\Desktop\MU\3_MAILA\PBL_5\mvnAMS\tomcat8\webapps\ROOT has finished in 18 ms
01-Dec-2016 10:56:23.532 INFO [main] org.apache.coyote.AbstractProtocol.start Starting ProtocolHandler ["http-nio-8080"]
01-Dec-2016 10:56:23.538 INFO [main] org.apache.coyote.AbstractProtocol.start Starting ProtocolHandler ["ajp-nio-8009"]
01-Dec-2016 10:56:23.539 INFO [main] org.apache.catalina.startup.Catalina.start Server startup in 3736 ms
